Analysis & Synthesis report for t1
Fri Apr 16 09:33:02 2021
Quartus Prime Version 17.1.0 Build 590 10/25/2017 SJ Lite Edition


---------------------
; Table of Contents ;
---------------------
  1. Legal Notice
  2. Analysis & Synthesis Summary
  3. Analysis & Synthesis Settings
  4. Parallel Compilation
  5. Analysis & Synthesis Source Files Read
  6. Analysis & Synthesis Resource Usage Summary
  7. Analysis & Synthesis Resource Utilization by Entity
  8. General Register Statistics
  9. Multiplexer Restructuring Statistics (Restructuring Performed)
 10. Parameter Settings for Inferred Entity Instance: clock_timer:utimer|lpm_divide:Mod0
 11. Parameter Settings for Inferred Entity Instance: clock_timer:utimer|lpm_divide:Div0
 12. Parameter Settings for Inferred Entity Instance: clock_timer:utimer|lpm_divide:Mod1
 13. Parameter Settings for Inferred Entity Instance: clock_timer:utimer|lpm_divide:Div1
 14. Parameter Settings for Inferred Entity Instance: clock_timer:utimer|lpm_divide:Mod2
 15. Parameter Settings for Inferred Entity Instance: clock_timer:utimer|lpm_divide:Div2
 16. Parameter Settings for Inferred Entity Instance: clock_timer:utimer|lpm_divide:Mod3
 17. Parameter Settings for Inferred Entity Instance: clock_timer:utimer|lpm_divide:Div3
 18. Port Connectivity Checks: "clock_timer:utimer"
 19. Port Connectivity Checks: "clock_all:uc|divider_10:clk7"
 20. Port Connectivity Checks: "clock_all:uc|divider_10:clk6"
 21. Port Connectivity Checks: "clock_all:uc|divider_10:clk5"
 22. Port Connectivity Checks: "clock_all:uc|divider_10:clk4"
 23. Port Connectivity Checks: "clock_all:uc|divider_10:clk3"
 24. Port Connectivity Checks: "clock_all:uc|divider_10:clk2"
 25. Port Connectivity Checks: "clock_all:uc|divider_10:clk1"
 26. Port Connectivity Checks: "clock_all:uc|divider_50:clk0"
 27. Port Connectivity Checks: "clock_all:uc"
 28. Post-Synthesis Netlist Statistics for Top Partition
 29. Elapsed Time Per Partition
 30. Analysis & Synthesis Messages



----------------
; Legal Notice ;
----------------
Copyright (C) 2017  Intel Corporation. All rights reserved.
Your use of Intel Corporation's design tools, logic functions 
and other software and tools, and its AMPP partner logic 
functions, and any output files from any of the foregoing 
(including device programming or simulation files), and any 
associated documentation or information are expressly subject 
to the terms and conditions of the Intel Program License 
Subscription Agreement, the Intel Quartus Prime License Agreement,
the Intel FPGA IP License Agreement, or other applicable license
agreement, including, without limitation, that your use is for
the sole purpose of programming logic devices manufactured by
Intel and sold by Intel or its authorized distributors.  Please
refer to the applicable agreement for further details.



+----------------------------------------------------------------------------------+
; Analysis & Synthesis Summary                                                     ;
+------------------------------------+---------------------------------------------+
; Analysis & Synthesis Status        ; Successful - Fri Apr 16 09:33:02 2021       ;
; Quartus Prime Version              ; 17.1.0 Build 590 10/25/2017 SJ Lite Edition ;
; Revision Name                      ; t1                                          ;
; Top-level Entity Name              ; t1                                          ;
; Family                             ; Cyclone IV E                                ;
; Total logic elements               ; 621                                         ;
;     Total combinational functions  ; 612                                         ;
;     Dedicated logic registers      ; 78                                          ;
; Total registers                    ; 78                                          ;
; Total pins                         ; 144                                         ;
; Total virtual pins                 ; 0                                           ;
; Total memory bits                  ; 0                                           ;
; Embedded Multiplier 9-bit elements ; 0                                           ;
; Total PLLs                         ; 0                                           ;
+------------------------------------+---------------------------------------------+


+----------------------------------------------------------------------------------------------------------------------+
; Analysis & Synthesis Settings                                                                                        ;
+----------------------------------------------------------------------------+--------------------+--------------------+
; Option                                                                     ; Setting            ; Default Value      ;
+----------------------------------------------------------------------------+--------------------+--------------------+
; Device                                                                     ; EP4CE115F29C7      ;                    ;
; Top-level entity name                                                      ; t1                 ; t1                 ;
; Family name                                                                ; Cyclone IV E       ; Cyclone V          ;
; Use smart compilation                                                      ; Off                ; Off                ;
; Enable parallel Assembler and TimeQuest Timing Analyzer during compilation ; On                 ; On                 ;
; Enable compact report table                                                ; Off                ; Off                ;
; Restructure Multiplexers                                                   ; Auto               ; Auto               ;
; Create Debugging Nodes for IP Cores                                        ; Off                ; Off                ;
; Preserve fewer node names                                                  ; On                 ; On                 ;
; Intel FPGA IP Evaluation Mode                                              ; Enable             ; Enable             ;
; Verilog Version                                                            ; Verilog_2001       ; Verilog_2001       ;
; VHDL Version                                                               ; VHDL_1993          ; VHDL_1993          ;
; State Machine Processing                                                   ; Auto               ; Auto               ;
; Safe State Machine                                                         ; Off                ; Off                ;
; Extract Verilog State Machines                                             ; On                 ; On                 ;
; Extract VHDL State Machines                                                ; On                 ; On                 ;
; Ignore Verilog initial constructs                                          ; Off                ; Off                ;
; Iteration limit for constant Verilog loops                                 ; 5000               ; 5000               ;
; Iteration limit for non-constant Verilog loops                             ; 250                ; 250                ;
; Add Pass-Through Logic to Inferred RAMs                                    ; On                 ; On                 ;
; Infer RAMs from Raw Logic                                                  ; On                 ; On                 ;
; Parallel Synthesis                                                         ; On                 ; On                 ;
; DSP Block Balancing                                                        ; Auto               ; Auto               ;
; NOT Gate Push-Back                                                         ; On                 ; On                 ;
; Power-Up Don't Care                                                        ; On                 ; On                 ;
; Remove Redundant Logic Cells                                               ; Off                ; Off                ;
; Remove Duplicate Registers                                                 ; On                 ; On                 ;
; Ignore CARRY Buffers                                                       ; Off                ; Off                ;
; Ignore CASCADE Buffers                                                     ; Off                ; Off                ;
; Ignore GLOBAL Buffers                                                      ; Off                ; Off                ;
; Ignore ROW GLOBAL Buffers                                                  ; Off                ; Off                ;
; Ignore LCELL Buffers                                                       ; Off                ; Off                ;
; Ignore SOFT Buffers                                                        ; On                 ; On                 ;
; Limit AHDL Integers to 32 Bits                                             ; Off                ; Off                ;
; Optimization Technique                                                     ; Balanced           ; Balanced           ;
; Carry Chain Length                                                         ; 70                 ; 70                 ;
; Auto Carry Chains                                                          ; On                 ; On                 ;
; Auto Open-Drain Pins                                                       ; On                 ; On                 ;
; Perform WYSIWYG Primitive Resynthesis                                      ; Off                ; Off                ;
; Auto ROM Replacement                                                       ; On                 ; On                 ;
; Auto RAM Replacement                                                       ; On                 ; On                 ;
; Auto DSP Block Replacement                                                 ; On                 ; On                 ;
; Auto Shift Register Replacement                                            ; Auto               ; Auto               ;
; Allow Shift Register Merging across Hierarchies                            ; Auto               ; Auto               ;
; Auto Clock Enable Replacement                                              ; On                 ; On                 ;
; Strict RAM Replacement                                                     ; Off                ; Off                ;
; Allow Synchronous Control Signals                                          ; On                 ; On                 ;
; Force Use of Synchronous Clear Signals                                     ; Off                ; Off                ;
; Auto RAM Block Balancing                                                   ; On                 ; On                 ;
; Auto RAM to Logic Cell Conversion                                          ; Off                ; Off                ;
; Auto Resource Sharing                                                      ; Off                ; Off                ;
; Allow Any RAM Size For Recognition                                         ; Off                ; Off                ;
; Allow Any ROM Size For Recognition                                         ; Off                ; Off                ;
; Allow Any Shift Register Size For Recognition                              ; Off                ; Off                ;
; Use LogicLock Constraints during Resource Balancing                        ; On                 ; On                 ;
; Ignore translate_off and synthesis_off directives                          ; Off                ; Off                ;
; Timing-Driven Synthesis                                                    ; On                 ; On                 ;
; Report Parameter Settings                                                  ; On                 ; On                 ;
; Report Source Assignments                                                  ; On                 ; On                 ;
; Report Connectivity Checks                                                 ; On                 ; On                 ;
; Ignore Maximum Fan-Out Assignments                                         ; Off                ; Off                ;
; Synchronization Register Chain Length                                      ; 2                  ; 2                  ;
; Power Optimization During Synthesis                                        ; Normal compilation ; Normal compilation ;
; HDL message level                                                          ; Level2             ; Level2             ;
; Suppress Register Optimization Related Messages                            ; Off                ; Off                ;
; Number of Removed Registers Reported in Synthesis Report                   ; 5000               ; 5000               ;
; Number of Swept Nodes Reported in Synthesis Report                         ; 5000               ; 5000               ;
; Number of Inverted Registers Reported in Synthesis Report                  ; 100                ; 100                ;
; Clock MUX Protection                                                       ; On                 ; On                 ;
; Auto Gated Clock Conversion                                                ; Off                ; Off                ;
; Block Design Naming                                                        ; Auto               ; Auto               ;
; SDC constraint protection                                                  ; Off                ; Off                ;
; Synthesis Effort                                                           ; Auto               ; Auto               ;
; Shift Register Replacement - Allow Asynchronous Clear Signal               ; On                 ; On                 ;
; Pre-Mapping Resynthesis Optimization                                       ; Off                ; Off                ;
; Analysis & Synthesis Message Level                                         ; Medium             ; Medium             ;
; Disable Register Merging Across Hierarchies                                ; Auto               ; Auto               ;
; Resource Aware Inference For Block RAM                                     ; On                 ; On                 ;
+----------------------------------------------------------------------------+--------------------+--------------------+


+------------------------------------------+
; Parallel Compilation                     ;
+----------------------------+-------------+
; Processors                 ; Number      ;
+----------------------------+-------------+
; Number detected on machine ; 8           ;
; Maximum allowed            ; 4           ;
;                            ;             ;
; Average used               ; 1.00        ;
; Maximum used               ; 4           ;
;                            ;             ;
; Usage by Processor         ; % Time Used ;
;     Processor 1            ; 100.0%      ;
;     Processors 2-4         ;   0.0%      ;
+----------------------------+-------------+


+----------------------------------------------------------------------------------------------------------------------------------------------------------------------------------------+
; Analysis & Synthesis Source Files Read                                                                                                                                                 ;
+----------------------------------+-----------------+------------------------------+------------------------------------------------------------------------------------------+---------+
; File Name with User-Entered Path ; Used in Netlist ; File Type                    ; File Name with Absolute Path                                                             ; Library ;
+----------------------------------+-----------------+------------------------------+------------------------------------------------------------------------------------------+---------+
; clock_all.v                      ; yes             ; User Verilog HDL File        ; D:/Users/kkldream/Desktop/FPGA/week7/t1/clock_all.v                                      ;         ;
; clock_timer.v                    ; yes             ; User Verilog HDL File        ; D:/Users/kkldream/Desktop/FPGA/week7/t1/clock_timer.v                                    ;         ;
; SEG7_LUT_8.v                     ; yes             ; User Verilog HDL File        ; D:/Users/kkldream/Desktop/FPGA/week7/t1/SEG7_LUT_8.v                                     ;         ;
; t1.v                             ; yes             ; Auto-Found Verilog HDL File  ; D:/Users/kkldream/Desktop/FPGA/week7/t1/t1.v                                             ;         ;
; lpm_divide.tdf                   ; yes             ; Megafunction                 ; c:/program_files/intelfpga_lite/17.1/quartus/libraries/megafunctions/lpm_divide.tdf      ;         ;
; abs_divider.inc                  ; yes             ; Megafunction                 ; c:/program_files/intelfpga_lite/17.1/quartus/libraries/megafunctions/abs_divider.inc     ;         ;
; sign_div_unsign.inc              ; yes             ; Megafunction                 ; c:/program_files/intelfpga_lite/17.1/quartus/libraries/megafunctions/sign_div_unsign.inc ;         ;
; aglobal171.inc                   ; yes             ; Megafunction                 ; c:/program_files/intelfpga_lite/17.1/quartus/libraries/megafunctions/aglobal171.inc      ;         ;
; db/lpm_divide_m9m.tdf            ; yes             ; Auto-Generated Megafunction  ; D:/Users/kkldream/Desktop/FPGA/week7/t1/db/lpm_divide_m9m.tdf                            ;         ;
; db/sign_div_unsign_bkh.tdf       ; yes             ; Auto-Generated Megafunction  ; D:/Users/kkldream/Desktop/FPGA/week7/t1/db/sign_div_unsign_bkh.tdf                       ;         ;
; db/alt_u_div_a4f.tdf             ; yes             ; Auto-Generated Megafunction  ; D:/Users/kkldream/Desktop/FPGA/week7/t1/db/alt_u_div_a4f.tdf                             ;         ;
; db/add_sub_7pc.tdf               ; yes             ; Auto-Generated Megafunction  ; D:/Users/kkldream/Desktop/FPGA/week7/t1/db/add_sub_7pc.tdf                               ;         ;
; db/add_sub_8pc.tdf               ; yes             ; Auto-Generated Megafunction  ; D:/Users/kkldream/Desktop/FPGA/week7/t1/db/add_sub_8pc.tdf                               ;         ;
; db/lpm_divide_jhm.tdf            ; yes             ; Auto-Generated Megafunction  ; D:/Users/kkldream/Desktop/FPGA/week7/t1/db/lpm_divide_jhm.tdf                            ;         ;
+----------------------------------+-----------------+------------------------------+------------------------------------------------------------------------------------------+---------+


+--------------------------------------------------------------+
; Analysis & Synthesis Resource Usage Summary                  ;
+---------------------------------------------+----------------+
; Resource                                    ; Usage          ;
+---------------------------------------------+----------------+
; Estimated Total logic elements              ; 621            ;
;                                             ;                ;
; Total combinational functions               ; 612            ;
; Logic element usage by number of LUT inputs ;                ;
;     -- 4 input functions                    ; 154            ;
;     -- 3 input functions                    ; 135            ;
;     -- <=2 input functions                  ; 323            ;
;                                             ;                ;
; Logic elements by mode                      ;                ;
;     -- normal mode                          ; 427            ;
;     -- arithmetic mode                      ; 185            ;
;                                             ;                ;
; Total registers                             ; 78             ;
;     -- Dedicated logic registers            ; 78             ;
;     -- I/O registers                        ; 0              ;
;                                             ;                ;
; I/O pins                                    ; 144            ;
;                                             ;                ;
; Embedded Multiplier 9-bit elements          ; 0              ;
;                                             ;                ;
; Maximum fan-out node                        ; CLOCK_50~input ;
; Maximum fan-out                             ; 49             ;
; Total fan-out                               ; 2044           ;
; Average fan-out                             ; 2.02           ;
+---------------------------------------------+----------------+


+------------------------------------------------------------------------------------------------------------------------------------------------------------------------------------------------------------------------------------------------------------------------------------------------------------------------------------+
; Analysis & Synthesis Resource Utilization by Entity                                                                                                                                                                                                                                                                                ;
+-------------------------------------------+---------------------+---------------------------+-------------+--------------+---------+-----------+------+--------------+------------------------------------------------------------------------------------------------------------------------+---------------------+--------------+
; Compilation Hierarchy Node                ; Combinational ALUTs ; Dedicated Logic Registers ; Memory Bits ; DSP Elements ; DSP 9x9 ; DSP 18x18 ; Pins ; Virtual Pins ; Full Hierarchy Name                                                                                                    ; Entity Name         ; Library Name ;
+-------------------------------------------+---------------------+---------------------------+-------------+--------------+---------+-----------+------+--------------+------------------------------------------------------------------------------------------------------------------------+---------------------+--------------+
; |t1                                       ; 612 (0)             ; 78 (0)                    ; 0           ; 0            ; 0       ; 0         ; 144  ; 0            ; |t1                                                                                                                    ; t1                  ; work         ;
;    |SEG7_LUT_8:useg|                      ; 56 (0)              ; 0 (0)                     ; 0           ; 0            ; 0       ; 0         ; 0    ; 0            ; |t1|SEG7_LUT_8:useg                                                                                                    ; SEG7_LUT_8          ; work         ;
;       |SEG7_LUT:u0|                       ; 7 (7)               ; 0 (0)                     ; 0           ; 0            ; 0       ; 0         ; 0    ; 0            ; |t1|SEG7_LUT_8:useg|SEG7_LUT:u0                                                                                        ; SEG7_LUT            ; work         ;
;       |SEG7_LUT:u1|                       ; 7 (7)               ; 0 (0)                     ; 0           ; 0            ; 0       ; 0         ; 0    ; 0            ; |t1|SEG7_LUT_8:useg|SEG7_LUT:u1                                                                                        ; SEG7_LUT            ; work         ;
;       |SEG7_LUT:u2|                       ; 7 (7)               ; 0 (0)                     ; 0           ; 0            ; 0       ; 0         ; 0    ; 0            ; |t1|SEG7_LUT_8:useg|SEG7_LUT:u2                                                                                        ; SEG7_LUT            ; work         ;
;       |SEG7_LUT:u3|                       ; 7 (7)               ; 0 (0)                     ; 0           ; 0            ; 0       ; 0         ; 0    ; 0            ; |t1|SEG7_LUT_8:useg|SEG7_LUT:u3                                                                                        ; SEG7_LUT            ; work         ;
;       |SEG7_LUT:u4|                       ; 7 (7)               ; 0 (0)                     ; 0           ; 0            ; 0       ; 0         ; 0    ; 0            ; |t1|SEG7_LUT_8:useg|SEG7_LUT:u4                                                                                        ; SEG7_LUT            ; work         ;
;       |SEG7_LUT:u5|                       ; 7 (7)               ; 0 (0)                     ; 0           ; 0            ; 0       ; 0         ; 0    ; 0            ; |t1|SEG7_LUT_8:useg|SEG7_LUT:u5                                                                                        ; SEG7_LUT            ; work         ;
;       |SEG7_LUT:u6|                       ; 7 (7)               ; 0 (0)                     ; 0           ; 0            ; 0       ; 0         ; 0    ; 0            ; |t1|SEG7_LUT_8:useg|SEG7_LUT:u6                                                                                        ; SEG7_LUT            ; work         ;
;       |SEG7_LUT:u7|                       ; 7 (7)               ; 0 (0)                     ; 0           ; 0            ; 0       ; 0         ; 0    ; 0            ; |t1|SEG7_LUT_8:useg|SEG7_LUT:u7                                                                                        ; SEG7_LUT            ; work         ;
;    |clock_all:uc|                         ; 47 (0)              ; 37 (0)                    ; 0           ; 0            ; 0       ; 0         ; 0    ; 0            ; |t1|clock_all:uc                                                                                                       ; clock_all           ; work         ;
;       |divider_10:clk1|                   ; 6 (6)               ; 5 (5)                     ; 0           ; 0            ; 0       ; 0         ; 0    ; 0            ; |t1|clock_all:uc|divider_10:clk1                                                                                       ; divider_10          ; work         ;
;       |divider_10:clk2|                   ; 6 (6)               ; 5 (5)                     ; 0           ; 0            ; 0       ; 0         ; 0    ; 0            ; |t1|clock_all:uc|divider_10:clk2                                                                                       ; divider_10          ; work         ;
;       |divider_10:clk3|                   ; 6 (6)               ; 5 (5)                     ; 0           ; 0            ; 0       ; 0         ; 0    ; 0            ; |t1|clock_all:uc|divider_10:clk3                                                                                       ; divider_10          ; work         ;
;       |divider_10:clk4|                   ; 6 (6)               ; 5 (5)                     ; 0           ; 0            ; 0       ; 0         ; 0    ; 0            ; |t1|clock_all:uc|divider_10:clk4                                                                                       ; divider_10          ; work         ;
;       |divider_10:clk5|                   ; 6 (6)               ; 5 (5)                     ; 0           ; 0            ; 0       ; 0         ; 0    ; 0            ; |t1|clock_all:uc|divider_10:clk5                                                                                       ; divider_10          ; work         ;
;       |divider_10:clk6|                   ; 6 (6)               ; 5 (5)                     ; 0           ; 0            ; 0       ; 0         ; 0    ; 0            ; |t1|clock_all:uc|divider_10:clk6                                                                                       ; divider_10          ; work         ;
;       |divider_50:clk0|                   ; 11 (11)             ; 7 (7)                     ; 0           ; 0            ; 0       ; 0         ; 0    ; 0            ; |t1|clock_all:uc|divider_50:clk0                                                                                       ; divider_50          ; work         ;
;    |clock_timer:utimer|                   ; 509 (49)            ; 41 (41)                   ; 0           ; 0            ; 0       ; 0         ; 0    ; 0            ; |t1|clock_timer:utimer                                                                                                 ; clock_timer         ; work         ;
;       |lpm_divide:Div0|                   ; 56 (0)              ; 0 (0)                     ; 0           ; 0            ; 0       ; 0         ; 0    ; 0            ; |t1|clock_timer:utimer|lpm_divide:Div0                                                                                 ; lpm_divide          ; work         ;
;          |lpm_divide_jhm:auto_generated|  ; 56 (0)              ; 0 (0)                     ; 0           ; 0            ; 0       ; 0         ; 0    ; 0            ; |t1|clock_timer:utimer|lpm_divide:Div0|lpm_divide_jhm:auto_generated                                                   ; lpm_divide_jhm      ; work         ;
;             |sign_div_unsign_bkh:divider| ; 56 (0)              ; 0 (0)                     ; 0           ; 0            ; 0       ; 0         ; 0    ; 0            ; |t1|clock_timer:utimer|lpm_divide:Div0|lpm_divide_jhm:auto_generated|sign_div_unsign_bkh:divider                       ; sign_div_unsign_bkh ; work         ;
;                |alt_u_div_a4f:divider|    ; 56 (56)             ; 0 (0)                     ; 0           ; 0            ; 0       ; 0         ; 0    ; 0            ; |t1|clock_timer:utimer|lpm_divide:Div0|lpm_divide_jhm:auto_generated|sign_div_unsign_bkh:divider|alt_u_div_a4f:divider ; alt_u_div_a4f       ; work         ;
;       |lpm_divide:Div1|                   ; 56 (0)              ; 0 (0)                     ; 0           ; 0            ; 0       ; 0         ; 0    ; 0            ; |t1|clock_timer:utimer|lpm_divide:Div1                                                                                 ; lpm_divide          ; work         ;
;          |lpm_divide_jhm:auto_generated|  ; 56 (0)              ; 0 (0)                     ; 0           ; 0            ; 0       ; 0         ; 0    ; 0            ; |t1|clock_timer:utimer|lpm_divide:Div1|lpm_divide_jhm:auto_generated                                                   ; lpm_divide_jhm      ; work         ;
;             |sign_div_unsign_bkh:divider| ; 56 (0)              ; 0 (0)                     ; 0           ; 0            ; 0       ; 0         ; 0    ; 0            ; |t1|clock_timer:utimer|lpm_divide:Div1|lpm_divide_jhm:auto_generated|sign_div_unsign_bkh:divider                       ; sign_div_unsign_bkh ; work         ;
;                |alt_u_div_a4f:divider|    ; 56 (56)             ; 0 (0)                     ; 0           ; 0            ; 0       ; 0         ; 0    ; 0            ; |t1|clock_timer:utimer|lpm_divide:Div1|lpm_divide_jhm:auto_generated|sign_div_unsign_bkh:divider|alt_u_div_a4f:divider ; alt_u_div_a4f       ; work         ;
;       |lpm_divide:Div2|                   ; 56 (0)              ; 0 (0)                     ; 0           ; 0            ; 0       ; 0         ; 0    ; 0            ; |t1|clock_timer:utimer|lpm_divide:Div2                                                                                 ; lpm_divide          ; work         ;
;          |lpm_divide_jhm:auto_generated|  ; 56 (0)              ; 0 (0)                     ; 0           ; 0            ; 0       ; 0         ; 0    ; 0            ; |t1|clock_timer:utimer|lpm_divide:Div2|lpm_divide_jhm:auto_generated                                                   ; lpm_divide_jhm      ; work         ;
;             |sign_div_unsign_bkh:divider| ; 56 (0)              ; 0 (0)                     ; 0           ; 0            ; 0       ; 0         ; 0    ; 0            ; |t1|clock_timer:utimer|lpm_divide:Div2|lpm_divide_jhm:auto_generated|sign_div_unsign_bkh:divider                       ; sign_div_unsign_bkh ; work         ;
;                |alt_u_div_a4f:divider|    ; 56 (56)             ; 0 (0)                     ; 0           ; 0            ; 0       ; 0         ; 0    ; 0            ; |t1|clock_timer:utimer|lpm_divide:Div2|lpm_divide_jhm:auto_generated|sign_div_unsign_bkh:divider|alt_u_div_a4f:divider ; alt_u_div_a4f       ; work         ;
;       |lpm_divide:Div3|                   ; 56 (0)              ; 0 (0)                     ; 0           ; 0            ; 0       ; 0         ; 0    ; 0            ; |t1|clock_timer:utimer|lpm_divide:Div3                                                                                 ; lpm_divide          ; work         ;
;          |lpm_divide_jhm:auto_generated|  ; 56 (0)              ; 0 (0)                     ; 0           ; 0            ; 0       ; 0         ; 0    ; 0            ; |t1|clock_timer:utimer|lpm_divide:Div3|lpm_divide_jhm:auto_generated                                                   ; lpm_divide_jhm      ; work         ;
;             |sign_div_unsign_bkh:divider| ; 56 (0)              ; 0 (0)                     ; 0           ; 0            ; 0       ; 0         ; 0    ; 0            ; |t1|clock_timer:utimer|lpm_divide:Div3|lpm_divide_jhm:auto_generated|sign_div_unsign_bkh:divider                       ; sign_div_unsign_bkh ; work         ;
;                |alt_u_div_a4f:divider|    ; 56 (56)             ; 0 (0)                     ; 0           ; 0            ; 0       ; 0         ; 0    ; 0            ; |t1|clock_timer:utimer|lpm_divide:Div3|lpm_divide_jhm:auto_generated|sign_div_unsign_bkh:divider|alt_u_div_a4f:divider ; alt_u_div_a4f       ; work         ;
;       |lpm_divide:Mod0|                   ; 59 (0)              ; 0 (0)                     ; 0           ; 0            ; 0       ; 0         ; 0    ; 0            ; |t1|clock_timer:utimer|lpm_divide:Mod0                                                                                 ; lpm_divide          ; work         ;
;          |lpm_divide_m9m:auto_generated|  ; 59 (0)              ; 0 (0)                     ; 0           ; 0            ; 0       ; 0         ; 0    ; 0            ; |t1|clock_timer:utimer|lpm_divide:Mod0|lpm_divide_m9m:auto_generated                                                   ; lpm_divide_m9m      ; work         ;
;             |sign_div_unsign_bkh:divider| ; 59 (0)              ; 0 (0)                     ; 0           ; 0            ; 0       ; 0         ; 0    ; 0            ; |t1|clock_timer:utimer|lpm_divide:Mod0|lpm_divide_m9m:auto_generated|sign_div_unsign_bkh:divider                       ; sign_div_unsign_bkh ; work         ;
;                |alt_u_div_a4f:divider|    ; 59 (59)             ; 0 (0)                     ; 0           ; 0            ; 0       ; 0         ; 0    ; 0            ; |t1|clock_timer:utimer|lpm_divide:Mod0|lpm_divide_m9m:auto_generated|sign_div_unsign_bkh:divider|alt_u_div_a4f:divider ; alt_u_div_a4f       ; work         ;
;       |lpm_divide:Mod1|                   ; 59 (0)              ; 0 (0)                     ; 0           ; 0            ; 0       ; 0         ; 0    ; 0            ; |t1|clock_timer:utimer|lpm_divide:Mod1                                                                                 ; lpm_divide          ; work         ;
;          |lpm_divide_m9m:auto_generated|  ; 59 (0)              ; 0 (0)                     ; 0           ; 0            ; 0       ; 0         ; 0    ; 0            ; |t1|clock_timer:utimer|lpm_divide:Mod1|lpm_divide_m9m:auto_generated                                                   ; lpm_divide_m9m      ; work         ;
;             |sign_div_unsign_bkh:divider| ; 59 (0)              ; 0 (0)                     ; 0           ; 0            ; 0       ; 0         ; 0    ; 0            ; |t1|clock_timer:utimer|lpm_divide:Mod1|lpm_divide_m9m:auto_generated|sign_div_unsign_bkh:divider                       ; sign_div_unsign_bkh ; work         ;
;                |alt_u_div_a4f:divider|    ; 59 (59)             ; 0 (0)                     ; 0           ; 0            ; 0       ; 0         ; 0    ; 0            ; |t1|clock_timer:utimer|lpm_divide:Mod1|lpm_divide_m9m:auto_generated|sign_div_unsign_bkh:divider|alt_u_div_a4f:divider ; alt_u_div_a4f       ; work         ;
;       |lpm_divide:Mod2|                   ; 59 (0)              ; 0 (0)                     ; 0           ; 0            ; 0       ; 0         ; 0    ; 0            ; |t1|clock_timer:utimer|lpm_divide:Mod2                                                                                 ; lpm_divide          ; work         ;
;          |lpm_divide_m9m:auto_generated|  ; 59 (0)              ; 0 (0)                     ; 0           ; 0            ; 0       ; 0         ; 0    ; 0            ; |t1|clock_timer:utimer|lpm_divide:Mod2|lpm_divide_m9m:auto_generated                                                   ; lpm_divide_m9m      ; work         ;
;             |sign_div_unsign_bkh:divider| ; 59 (0)              ; 0 (0)                     ; 0           ; 0            ; 0       ; 0         ; 0    ; 0            ; |t1|clock_timer:utimer|lpm_divide:Mod2|lpm_divide_m9m:auto_generated|sign_div_unsign_bkh:divider                       ; sign_div_unsign_bkh ; work         ;
;                |alt_u_div_a4f:divider|    ; 59 (59)             ; 0 (0)                     ; 0           ; 0            ; 0       ; 0         ; 0    ; 0            ; |t1|clock_timer:utimer|lpm_divide:Mod2|lpm_divide_m9m:auto_generated|sign_div_unsign_bkh:divider|alt_u_div_a4f:divider ; alt_u_div_a4f       ; work         ;
;       |lpm_divide:Mod3|                   ; 59 (0)              ; 0 (0)                     ; 0           ; 0            ; 0       ; 0         ; 0    ; 0            ; |t1|clock_timer:utimer|lpm_divide:Mod3                                                                                 ; lpm_divide          ; work         ;
;          |lpm_divide_m9m:auto_generated|  ; 59 (0)              ; 0 (0)                     ; 0           ; 0            ; 0       ; 0         ; 0    ; 0            ; |t1|clock_timer:utimer|lpm_divide:Mod3|lpm_divide_m9m:auto_generated                                                   ; lpm_divide_m9m      ; work         ;
;             |sign_div_unsign_bkh:divider| ; 59 (0)              ; 0 (0)                     ; 0           ; 0            ; 0       ; 0         ; 0    ; 0            ; |t1|clock_timer:utimer|lpm_divide:Mod3|lpm_divide_m9m:auto_generated|sign_div_unsign_bkh:divider                       ; sign_div_unsign_bkh ; work         ;
;                |alt_u_div_a4f:divider|    ; 59 (59)             ; 0 (0)                     ; 0           ; 0            ; 0       ; 0         ; 0    ; 0            ; |t1|clock_timer:utimer|lpm_divide:Mod3|lpm_divide_m9m:auto_generated|sign_div_unsign_bkh:divider|alt_u_div_a4f:divider ; alt_u_div_a4f       ; work         ;
+-------------------------------------------+---------------------+---------------------------+-------------+--------------+---------+-----------+------+--------------+------------------------------------------------------------------------------------------------------------------------+---------------------+--------------+
Note: For table entries with two numbers listed, the numbers in parentheses indicate the number of resources of the given type used by the specific entity alone. The numbers listed outside of parentheses indicate the total resources of the given type used by the specific entity and all of its sub-entities in the hierarchy.


+------------------------------------------------------+
; General Register Statistics                          ;
+----------------------------------------------+-------+
; Statistic                                    ; Value ;
+----------------------------------------------+-------+
; Total registers                              ; 78    ;
; Number of registers using Synchronous Clear  ; 32    ;
; Number of registers using Synchronous Load   ; 0     ;
; Number of registers using Asynchronous Clear ; 0     ;
; Number of registers using Asynchronous Load  ; 0     ;
; Number of registers using Clock Enable       ; 32    ;
; Number of registers using Preset             ; 0     ;
+----------------------------------------------+-------+


+----------------------------------------------------------------------------------------------------------------------------------------------------+
; Multiplexer Restructuring Statistics (Restructuring Performed)                                                                                     ;
+--------------------+-----------+---------------+----------------------+------------------------+------------+--------------------------------------+
; Multiplexer Inputs ; Bus Width ; Baseline Area ; Area if Restructured ; Saving if Restructured ; Registered ; Example Multiplexer Output           ;
+--------------------+-----------+---------------+----------------------+------------------------+------------+--------------------------------------+
; 3:1                ; 8 bits    ; 16 LEs        ; 8 LEs                ; 8 LEs                  ; Yes        ; |t1|clock_timer:utimer|tkey_count[1] ;
; 6:1                ; 8 bits    ; 32 LEs        ; 8 LEs                ; 24 LEs                 ; Yes        ; |t1|clock_timer:utimer|tsec[1]       ;
; 6:1                ; 8 bits    ; 32 LEs        ; 8 LEs                ; 24 LEs                 ; Yes        ; |t1|clock_timer:utimer|thour[0]      ;
; 7:1                ; 8 bits    ; 32 LEs        ; 8 LEs                ; 24 LEs                 ; Yes        ; |t1|clock_timer:utimer|tmin[0]       ;
+--------------------+-----------+---------------+----------------------+------------------------+------------+--------------------------------------+


+-------------------------------------------------------------------------------------+
; Parameter Settings for Inferred Entity Instance: clock_timer:utimer|lpm_divide:Mod0 ;
+------------------------+----------------+-------------------------------------------+
; Parameter Name         ; Value          ; Type                                      ;
+------------------------+----------------+-------------------------------------------+
; LPM_WIDTHN             ; 8              ; Untyped                                   ;
; LPM_WIDTHD             ; 4              ; Untyped                                   ;
; LPM_NREPRESENTATION    ; UNSIGNED       ; Untyped                                   ;
; LPM_DREPRESENTATION    ; UNSIGNED       ; Untyped                                   ;
; LPM_PIPELINE           ; 0              ; Untyped                                   ;
; LPM_REMAINDERPOSITIVE  ; TRUE           ; Untyped                                   ;
; MAXIMIZE_SPEED         ; 5              ; Untyped                                   ;
; CBXI_PARAMETER         ; lpm_divide_m9m ; Untyped                                   ;
; CARRY_CHAIN            ; MANUAL         ; Untyped                                   ;
; OPTIMIZE_FOR_SPEED     ; 5              ; Untyped                                   ;
; AUTO_CARRY_CHAINS      ; ON             ; AUTO_CARRY                                ;
; IGNORE_CARRY_BUFFERS   ; OFF            ; IGNORE_CARRY                              ;
; AUTO_CASCADE_CHAINS    ; ON             ; AUTO_CASCADE                              ;
; IGNORE_CASCADE_BUFFERS ; OFF            ; IGNORE_CASCADE                            ;
+------------------------+----------------+-------------------------------------------+
Note: In order to hide this table in the UI and the text report file, please set the "Show Parameter Settings in Synthesis Report" option in "Analysis and Synthesis Settings -> More Settings" to "Off".


+-------------------------------------------------------------------------------------+
; Parameter Settings for Inferred Entity Instance: clock_timer:utimer|lpm_divide:Div0 ;
+------------------------+----------------+-------------------------------------------+
; Parameter Name         ; Value          ; Type                                      ;
+------------------------+----------------+-------------------------------------------+
; LPM_WIDTHN             ; 8              ; Untyped                                   ;
; LPM_WIDTHD             ; 4              ; Untyped                                   ;
; LPM_NREPRESENTATION    ; UNSIGNED       ; Untyped                                   ;
; LPM_DREPRESENTATION    ; UNSIGNED       ; Untyped                                   ;
; LPM_PIPELINE           ; 0              ; Untyped                                   ;
; LPM_REMAINDERPOSITIVE  ; TRUE           ; Untyped                                   ;
; MAXIMIZE_SPEED         ; 5              ; Untyped                                   ;
; CBXI_PARAMETER         ; lpm_divide_jhm ; Untyped                                   ;
; CARRY_CHAIN            ; MANUAL         ; Untyped                                   ;
; OPTIMIZE_FOR_SPEED     ; 5              ; Untyped                                   ;
; AUTO_CARRY_CHAINS      ; ON             ; AUTO_CARRY                                ;
; IGNORE_CARRY_BUFFERS   ; OFF            ; IGNORE_CARRY                              ;
; AUTO_CASCADE_CHAINS    ; ON             ; AUTO_CASCADE                              ;
; IGNORE_CASCADE_BUFFERS ; OFF            ; IGNORE_CASCADE                            ;
+------------------------+----------------+-------------------------------------------+
Note: In order to hide this table in the UI and the text report file, please set the "Show Parameter Settings in Synthesis Report" option in "Analysis and Synthesis Settings -> More Settings" to "Off".


+-------------------------------------------------------------------------------------+
; Parameter Settings for Inferred Entity Instance: clock_timer:utimer|lpm_divide:Mod1 ;
+------------------------+----------------+-------------------------------------------+
; Parameter Name         ; Value          ; Type                                      ;
+------------------------+----------------+-------------------------------------------+
; LPM_WIDTHN             ; 8              ; Untyped                                   ;
; LPM_WIDTHD             ; 4              ; Untyped                                   ;
; LPM_NREPRESENTATION    ; UNSIGNED       ; Untyped                                   ;
; LPM_DREPRESENTATION    ; UNSIGNED       ; Untyped                                   ;
; LPM_PIPELINE           ; 0              ; Untyped                                   ;
; LPM_REMAINDERPOSITIVE  ; TRUE           ; Untyped                                   ;
; MAXIMIZE_SPEED         ; 5              ; Untyped                                   ;
; CBXI_PARAMETER         ; lpm_divide_m9m ; Untyped                                   ;
; CARRY_CHAIN            ; MANUAL         ; Untyped                                   ;
; OPTIMIZE_FOR_SPEED     ; 5              ; Untyped                                   ;
; AUTO_CARRY_CHAINS      ; ON             ; AUTO_CARRY                                ;
; IGNORE_CARRY_BUFFERS   ; OFF            ; IGNORE_CARRY                              ;
; AUTO_CASCADE_CHAINS    ; ON             ; AUTO_CASCADE                              ;
; IGNORE_CASCADE_BUFFERS ; OFF            ; IGNORE_CASCADE                            ;
+------------------------+----------------+-------------------------------------------+
Note: In order to hide this table in the UI and the text report file, please set the "Show Parameter Settings in Synthesis Report" option in "Analysis and Synthesis Settings -> More Settings" to "Off".


+-------------------------------------------------------------------------------------+
; Parameter Settings for Inferred Entity Instance: clock_timer:utimer|lpm_divide:Div1 ;
+------------------------+----------------+-------------------------------------------+
; Parameter Name         ; Value          ; Type                                      ;
+------------------------+----------------+-------------------------------------------+
; LPM_WIDTHN             ; 8              ; Untyped                                   ;
; LPM_WIDTHD             ; 4              ; Untyped                                   ;
; LPM_NREPRESENTATION    ; UNSIGNED       ; Untyped                                   ;
; LPM_DREPRESENTATION    ; UNSIGNED       ; Untyped                                   ;
; LPM_PIPELINE           ; 0              ; Untyped                                   ;
; LPM_REMAINDERPOSITIVE  ; TRUE           ; Untyped                                   ;
; MAXIMIZE_SPEED         ; 5              ; Untyped                                   ;
; CBXI_PARAMETER         ; lpm_divide_jhm ; Untyped                                   ;
; CARRY_CHAIN            ; MANUAL         ; Untyped                                   ;
; OPTIMIZE_FOR_SPEED     ; 5              ; Untyped                                   ;
; AUTO_CARRY_CHAINS      ; ON             ; AUTO_CARRY                                ;
; IGNORE_CARRY_BUFFERS   ; OFF            ; IGNORE_CARRY                              ;
; AUTO_CASCADE_CHAINS    ; ON             ; AUTO_CASCADE                              ;
; IGNORE_CASCADE_BUFFERS ; OFF            ; IGNORE_CASCADE                            ;
+------------------------+----------------+-------------------------------------------+
Note: In order to hide this table in the UI and the text report file, please set the "Show Parameter Settings in Synthesis Report" option in "Analysis and Synthesis Settings -> More Settings" to "Off".


+-------------------------------------------------------------------------------------+
; Parameter Settings for Inferred Entity Instance: clock_timer:utimer|lpm_divide:Mod2 ;
+------------------------+----------------+-------------------------------------------+
; Parameter Name         ; Value          ; Type                                      ;
+------------------------+----------------+-------------------------------------------+
; LPM_WIDTHN             ; 8              ; Untyped                                   ;
; LPM_WIDTHD             ; 4              ; Untyped                                   ;
; LPM_NREPRESENTATION    ; UNSIGNED       ; Untyped                                   ;
; LPM_DREPRESENTATION    ; UNSIGNED       ; Untyped                                   ;
; LPM_PIPELINE           ; 0              ; Untyped                                   ;
; LPM_REMAINDERPOSITIVE  ; TRUE           ; Untyped                                   ;
; MAXIMIZE_SPEED         ; 5              ; Untyped                                   ;
; CBXI_PARAMETER         ; lpm_divide_m9m ; Untyped                                   ;
; CARRY_CHAIN            ; MANUAL         ; Untyped                                   ;
; OPTIMIZE_FOR_SPEED     ; 5              ; Untyped                                   ;
; AUTO_CARRY_CHAINS      ; ON             ; AUTO_CARRY                                ;
; IGNORE_CARRY_BUFFERS   ; OFF            ; IGNORE_CARRY                              ;
; AUTO_CASCADE_CHAINS    ; ON             ; AUTO_CASCADE                              ;
; IGNORE_CASCADE_BUFFERS ; OFF            ; IGNORE_CASCADE                            ;
+------------------------+----------------+-------------------------------------------+
Note: In order to hide this table in the UI and the text report file, please set the "Show Parameter Settings in Synthesis Report" option in "Analysis and Synthesis Settings -> More Settings" to "Off".


+-------------------------------------------------------------------------------------+
; Parameter Settings for Inferred Entity Instance: clock_timer:utimer|lpm_divide:Div2 ;
+------------------------+----------------+-------------------------------------------+
; Parameter Name         ; Value          ; Type                                      ;
+------------------------+----------------+-------------------------------------------+
; LPM_WIDTHN             ; 8              ; Untyped                                   ;
; LPM_WIDTHD             ; 4              ; Untyped                                   ;
; LPM_NREPRESENTATION    ; UNSIGNED       ; Untyped                                   ;
; LPM_DREPRESENTATION    ; UNSIGNED       ; Untyped                                   ;
; LPM_PIPELINE           ; 0              ; Untyped                                   ;
; LPM_REMAINDERPOSITIVE  ; TRUE           ; Untyped                                   ;
; MAXIMIZE_SPEED         ; 5              ; Untyped                                   ;
; CBXI_PARAMETER         ; lpm_divide_jhm ; Untyped                                   ;
; CARRY_CHAIN            ; MANUAL         ; Untyped                                   ;
; OPTIMIZE_FOR_SPEED     ; 5              ; Untyped                                   ;
; AUTO_CARRY_CHAINS      ; ON             ; AUTO_CARRY                                ;
; IGNORE_CARRY_BUFFERS   ; OFF            ; IGNORE_CARRY                              ;
; AUTO_CASCADE_CHAINS    ; ON             ; AUTO_CASCADE                              ;
; IGNORE_CASCADE_BUFFERS ; OFF            ; IGNORE_CASCADE                            ;
+------------------------+----------------+-------------------------------------------+
Note: In order to hide this table in the UI and the text report file, please set the "Show Parameter Settings in Synthesis Report" option in "Analysis and Synthesis Settings -> More Settings" to "Off".


+-------------------------------------------------------------------------------------+
; Parameter Settings for Inferred Entity Instance: clock_timer:utimer|lpm_divide:Mod3 ;
+------------------------+----------------+-------------------------------------------+
; Parameter Name         ; Value          ; Type                                      ;
+------------------------+----------------+-------------------------------------------+
; LPM_WIDTHN             ; 8              ; Untyped                                   ;
; LPM_WIDTHD             ; 4              ; Untyped                                   ;
; LPM_NREPRESENTATION    ; UNSIGNED       ; Untyped                                   ;
; LPM_DREPRESENTATION    ; UNSIGNED       ; Untyped                                   ;
; LPM_PIPELINE           ; 0              ; Untyped                                   ;
; LPM_REMAINDERPOSITIVE  ; TRUE           ; Untyped                                   ;
; MAXIMIZE_SPEED         ; 5              ; Untyped                                   ;
; CBXI_PARAMETER         ; lpm_divide_m9m ; Untyped                                   ;
; CARRY_CHAIN            ; MANUAL         ; Untyped                                   ;
; OPTIMIZE_FOR_SPEED     ; 5              ; Untyped                                   ;
; AUTO_CARRY_CHAINS      ; ON             ; AUTO_CARRY                                ;
; IGNORE_CARRY_BUFFERS   ; OFF            ; IGNORE_CARRY                              ;
; AUTO_CASCADE_CHAINS    ; ON             ; AUTO_CASCADE                              ;
; IGNORE_CASCADE_BUFFERS ; OFF            ; IGNORE_CASCADE                            ;
+------------------------+----------------+-------------------------------------------+
Note: In order to hide this table in the UI and the text report file, please set the "Show Parameter Settings in Synthesis Report" option in "Analysis and Synthesis Settings -> More Settings" to "Off".


+-------------------------------------------------------------------------------------+
; Parameter Settings for Inferred Entity Instance: clock_timer:utimer|lpm_divide:Div3 ;
+------------------------+----------------+-------------------------------------------+
; Parameter Name         ; Value          ; Type                                      ;
+------------------------+----------------+-------------------------------------------+
; LPM_WIDTHN             ; 8              ; Untyped                                   ;
; LPM_WIDTHD             ; 4              ; Untyped                                   ;
; LPM_NREPRESENTATION    ; UNSIGNED       ; Untyped                                   ;
; LPM_DREPRESENTATION    ; UNSIGNED       ; Untyped                                   ;
; LPM_PIPELINE           ; 0              ; Untyped                                   ;
; LPM_REMAINDERPOSITIVE  ; TRUE           ; Untyped                                   ;
; MAXIMIZE_SPEED         ; 5              ; Untyped                                   ;
; CBXI_PARAMETER         ; lpm_divide_jhm ; Untyped                                   ;
; CARRY_CHAIN            ; MANUAL         ; Untyped                                   ;
; OPTIMIZE_FOR_SPEED     ; 5              ; Untyped                                   ;
; AUTO_CARRY_CHAINS      ; ON             ; AUTO_CARRY                                ;
; IGNORE_CARRY_BUFFERS   ; OFF            ; IGNORE_CARRY                              ;
; AUTO_CASCADE_CHAINS    ; ON             ; AUTO_CASCADE                              ;
; IGNORE_CASCADE_BUFFERS ; OFF            ; IGNORE_CASCADE                            ;
+------------------------+----------------+-------------------------------------------+
Note: In order to hide this table in the UI and the text report file, please set the "Show Parameter Settings in Synthesis Report" option in "Analysis and Synthesis Settings -> More Settings" to "Off".


+------------------------------------------------------------------------------------------------------------------------------------------------------------------------+
; Port Connectivity Checks: "clock_timer:utimer"                                                                                                                         ;
+------+-------+----------+----------------------------------------------------------------------------------------------------------------------------------------------+
; Port ; Type  ; Severity ; Details                                                                                                                                      ;
+------+-------+----------+----------------------------------------------------------------------------------------------------------------------------------------------+
; ikey ; Input ; Warning  ; Input port expression (4 bits) is smaller than the input port (5 bits) it drives.  Extra input bit(s) "ikey[4..4]" will be connected to GND. ;
+------+-------+----------+----------------------------------------------------------------------------------------------------------------------------------------------+


+-----------------------------------------------------------------------------------------------------------------------------------------+
; Port Connectivity Checks: "clock_all:uc|divider_10:clk7"                                                                                ;
+----------+--------+----------+----------------------------------------------------------------------------------------------------------+
; Port     ; Type   ; Severity ; Details                                                                                                  ;
+----------+--------+----------+----------------------------------------------------------------------------------------------------------+
; count_10 ; Output ; Warning  ; Declared by entity but not connected by instance. Logic that only feeds a dangling port will be removed. ;
+----------+--------+----------+----------------------------------------------------------------------------------------------------------+


+-----------------------------------------------------------------------------------------------------------------------------------------+
; Port Connectivity Checks: "clock_all:uc|divider_10:clk6"                                                                                ;
+----------+--------+----------+----------------------------------------------------------------------------------------------------------+
; Port     ; Type   ; Severity ; Details                                                                                                  ;
+----------+--------+----------+----------------------------------------------------------------------------------------------------------+
; count_10 ; Output ; Warning  ; Declared by entity but not connected by instance. Logic that only feeds a dangling port will be removed. ;
+----------+--------+----------+----------------------------------------------------------------------------------------------------------+


+-----------------------------------------------------------------------------------------------------------------------------------------+
; Port Connectivity Checks: "clock_all:uc|divider_10:clk5"                                                                                ;
+----------+--------+----------+----------------------------------------------------------------------------------------------------------+
; Port     ; Type   ; Severity ; Details                                                                                                  ;
+----------+--------+----------+----------------------------------------------------------------------------------------------------------+
; count_10 ; Output ; Warning  ; Declared by entity but not connected by instance. Logic that only feeds a dangling port will be removed. ;
+----------+--------+----------+----------------------------------------------------------------------------------------------------------+


+-----------------------------------------------------------------------------------------------------------------------------------------+
; Port Connectivity Checks: "clock_all:uc|divider_10:clk4"                                                                                ;
+----------+--------+----------+----------------------------------------------------------------------------------------------------------+
; Port     ; Type   ; Severity ; Details                                                                                                  ;
+----------+--------+----------+----------------------------------------------------------------------------------------------------------+
; count_10 ; Output ; Warning  ; Declared by entity but not connected by instance. Logic that only feeds a dangling port will be removed. ;
+----------+--------+----------+----------------------------------------------------------------------------------------------------------+


+-----------------------------------------------------------------------------------------------------------------------------------------+
; Port Connectivity Checks: "clock_all:uc|divider_10:clk3"                                                                                ;
+----------+--------+----------+----------------------------------------------------------------------------------------------------------+
; Port     ; Type   ; Severity ; Details                                                                                                  ;
+----------+--------+----------+----------------------------------------------------------------------------------------------------------+
; count_10 ; Output ; Warning  ; Declared by entity but not connected by instance. Logic that only feeds a dangling port will be removed. ;
+----------+--------+----------+----------------------------------------------------------------------------------------------------------+


+-----------------------------------------------------------------------------------------------------------------------------------------+
; Port Connectivity Checks: "clock_all:uc|divider_10:clk2"                                                                                ;
+----------+--------+----------+----------------------------------------------------------------------------------------------------------+
; Port     ; Type   ; Severity ; Details                                                                                                  ;
+----------+--------+----------+----------------------------------------------------------------------------------------------------------+
; count_10 ; Output ; Warning  ; Declared by entity but not connected by instance. Logic that only feeds a dangling port will be removed. ;
+----------+--------+----------+----------------------------------------------------------------------------------------------------------+


+-----------------------------------------------------------------------------------------------------------------------------------------+
; Port Connectivity Checks: "clock_all:uc|divider_10:clk1"                                                                                ;
+----------+--------+----------+----------------------------------------------------------------------------------------------------------+
; Port     ; Type   ; Severity ; Details                                                                                                  ;
+----------+--------+----------+----------------------------------------------------------------------------------------------------------+
; count_10 ; Output ; Warning  ; Declared by entity but not connected by instance. Logic that only feeds a dangling port will be removed. ;
+----------+--------+----------+----------------------------------------------------------------------------------------------------------+


+-----------------------------------------------------------------------------------------------------------------------------------------+
; Port Connectivity Checks: "clock_all:uc|divider_50:clk0"                                                                                ;
+----------+--------+----------+----------------------------------------------------------------------------------------------------------+
; Port     ; Type   ; Severity ; Details                                                                                                  ;
+----------+--------+----------+----------------------------------------------------------------------------------------------------------+
; count_50 ; Output ; Warning  ; Declared by entity but not connected by instance. Logic that only feeds a dangling port will be removed. ;
+----------+--------+----------+----------------------------------------------------------------------------------------------------------+


+---------------------------------------------------------------------------------------------------------------------------------------------+
; Port Connectivity Checks: "clock_all:uc"                                                                                                    ;
+--------------+--------+----------+----------------------------------------------------------------------------------------------------------+
; Port         ; Type   ; Severity ; Details                                                                                                  ;
+--------------+--------+----------+----------------------------------------------------------------------------------------------------------+
; clock_10ms   ; Output ; Info     ; Connected to dangling logic. Logic that only feeds a dangling port will be removed.                      ;
; clock_100kHz ; Output ; Warning  ; Declared by entity but not connected by instance. Logic that only feeds a dangling port will be removed. ;
; clock_10kHz  ; Output ; Warning  ; Declared by entity but not connected by instance. Logic that only feeds a dangling port will be removed. ;
; clock_1kHz   ; Output ; Warning  ; Declared by entity but not connected by instance. Logic that only feeds a dangling port will be removed. ;
; clock_100Hz  ; Output ; Warning  ; Declared by entity but not connected by instance. Logic that only feeds a dangling port will be removed. ;
; clock_10Hz   ; Output ; Warning  ; Declared by entity but not connected by instance. Logic that only feeds a dangling port will be removed. ;
; clock_1Hz    ; Output ; Warning  ; Declared by entity but not connected by instance. Logic that only feeds a dangling port will be removed. ;
; clock_01Hz   ; Output ; Warning  ; Declared by entity but not connected by instance. Logic that only feeds a dangling port will be removed. ;
; clock_1ms    ; Output ; Warning  ; Declared by entity but not connected by instance. Logic that only feeds a dangling port will be removed. ;
; clock_100us  ; Output ; Warning  ; Declared by entity but not connected by instance. Logic that only feeds a dangling port will be removed. ;
; clock_10us   ; Output ; Warning  ; Declared by entity but not connected by instance. Logic that only feeds a dangling port will be removed. ;
; clock_1us    ; Output ; Warning  ; Declared by entity but not connected by instance. Logic that only feeds a dangling port will be removed. ;
+--------------+--------+----------+----------------------------------------------------------------------------------------------------------+


+-----------------------------------------------------+
; Post-Synthesis Netlist Statistics for Top Partition ;
+-----------------------+-----------------------------+
; Type                  ; Count                       ;
+-----------------------+-----------------------------+
; boundary_port         ; 144                         ;
; cycloneiii_ff         ; 78                          ;
;     ENA SCLR          ; 32                          ;
;     plain             ; 46                          ;
; cycloneiii_io_obuf    ; 36                          ;
; cycloneiii_lcell_comb ; 621                         ;
;     arith             ; 185                         ;
;         2 data inputs ; 57                          ;
;         3 data inputs ; 128                         ;
;     normal            ; 436                         ;
;         0 data inputs ; 41                          ;
;         1 data inputs ; 13                          ;
;         2 data inputs ; 221                         ;
;         3 data inputs ; 7                           ;
;         4 data inputs ; 154                         ;
;                       ;                             ;
; Max LUT depth         ; 13.90                       ;
; Average LUT depth     ; 10.18                       ;
+-----------------------+-----------------------------+


+-------------------------------+
; Elapsed Time Per Partition    ;
+----------------+--------------+
; Partition Name ; Elapsed Time ;
+----------------+--------------+
; Top            ; 00:00:01     ;
+----------------+--------------+


+-------------------------------+
; Analysis & Synthesis Messages ;
+-------------------------------+
Info: *******************************************************************
Info: Running Quartus Prime Analysis & Synthesis
    Info: Version 17.1.0 Build 590 10/25/2017 SJ Lite Edition
    Info: Processing started: Fri Apr 16 09:32:48 2021
Info: Command: quartus_map --read_settings_files=on --write_settings_files=off t1 -c t1
Warning (18236): Number of processors has not been specified which may cause overloading on shared machines.  Set the global assignment NUM_PARALLEL_PROCESSORS in your QSF to an appropriate value for best performance.
Info (20030): Parallel compilation is enabled and will use 4 of the 4 processors detected
Info (12021): Found 3 design units, including 3 entities, in source file clock_all.v
    Info (12023): Found entity 1: clock_all File: D:/Users/kkldream/Desktop/FPGA/week7/t1/clock_all.v Line: 4
    Info (12023): Found entity 2: divider_10 File: D:/Users/kkldream/Desktop/FPGA/week7/t1/clock_all.v Line: 56
    Info (12023): Found entity 3: divider_50 File: D:/Users/kkldream/Desktop/FPGA/week7/t1/clock_all.v Line: 76
Info (12021): Found 1 design units, including 1 entities, in source file clock_timer.v
    Info (12023): Found entity 1: clock_timer File: D:/Users/kkldream/Desktop/FPGA/week7/t1/clock_timer.v Line: 4
Info (12021): Found 2 design units, including 2 entities, in source file seg7_lut_8.v
    Info (12023): Found entity 1: SEG7_LUT_8 File: D:/Users/kkldream/Desktop/FPGA/week7/t1/SEG7_LUT_8.v Line: 1
    Info (12023): Found entity 2: SEG7_LUT File: D:/Users/kkldream/Desktop/FPGA/week7/t1/SEG7_LUT_8.v Line: 18
Warning (12125): Using design file t1.v, which is not specified as a design file for the current project, but contains definitions for 1 design units and 1 entities in project
    Info (12023): Found entity 1: t1 File: D:/Users/kkldream/Desktop/FPGA/week7/t1/t1.v Line: 6
Info (12127): Elaborating entity "t1" for the top level hierarchy
Warning (10034): Output port "LEDG" at t1.v(52) has no driver File: D:/Users/kkldream/Desktop/FPGA/week7/t1/t1.v Line: 52
Warning (10034): Output port "LEDR[17..9]" at t1.v(53) has no driver File: D:/Users/kkldream/Desktop/FPGA/week7/t1/t1.v Line: 53
Warning (10034): Output port "LEDR[6..0]" at t1.v(53) has no driver File: D:/Users/kkldream/Desktop/FPGA/week7/t1/t1.v Line: 53
Info (12128): Elaborating entity "clock_all" for hierarchy "clock_all:uc" File: D:/Users/kkldream/Desktop/FPGA/week7/t1/t1.v Line: 89
Info (12128): Elaborating entity "divider_50" for hierarchy "clock_all:uc|divider_50:clk0" File: D:/Users/kkldream/Desktop/FPGA/week7/t1/clock_all.v Line: 44
Warning (10230): Verilog HDL assignment warning at clock_all.v(92): truncated value with size 32 to match size of target (6) File: D:/Users/kkldream/Desktop/FPGA/week7/t1/clock_all.v Line: 92
Info (12128): Elaborating entity "divider_10" for hierarchy "clock_all:uc|divider_10:clk1" File: D:/Users/kkldream/Desktop/FPGA/week7/t1/clock_all.v Line: 45
Warning (10230): Verilog HDL assignment warning at clock_all.v(72): truncated value with size 32 to match size of target (4) File: D:/Users/kkldream/Desktop/FPGA/week7/t1/clock_all.v Line: 72
Info (12128): Elaborating entity "clock_timer" for hierarchy "clock_timer:utimer" File: D:/Users/kkldream/Desktop/FPGA/week7/t1/t1.v Line: 99
Warning (10230): Verilog HDL assignment warning at clock_timer.v(15): truncated value with size 32 to match size of target (4) File: D:/Users/kkldream/Desktop/FPGA/week7/t1/clock_timer.v Line: 15
Warning (10230): Verilog HDL assignment warning at clock_timer.v(16): truncated value with size 32 to match size of target (4) File: D:/Users/kkldream/Desktop/FPGA/week7/t1/clock_timer.v Line: 16
Warning (10230): Verilog HDL assignment warning at clock_timer.v(18): truncated value with size 32 to match size of target (4) File: D:/Users/kkldream/Desktop/FPGA/week7/t1/clock_timer.v Line: 18
Warning (10230): Verilog HDL assignment warning at clock_timer.v(19): truncated value with size 32 to match size of target (4) File: D:/Users/kkldream/Desktop/FPGA/week7/t1/clock_timer.v Line: 19
Warning (10230): Verilog HDL assignment warning at clock_timer.v(21): truncated value with size 32 to match size of target (4) File: D:/Users/kkldream/Desktop/FPGA/week7/t1/clock_timer.v Line: 21
Warning (10230): Verilog HDL assignment warning at clock_timer.v(22): truncated value with size 32 to match size of target (4) File: D:/Users/kkldream/Desktop/FPGA/week7/t1/clock_timer.v Line: 22
Warning (10230): Verilog HDL assignment warning at clock_timer.v(24): truncated value with size 32 to match size of target (4) File: D:/Users/kkldream/Desktop/FPGA/week7/t1/clock_timer.v Line: 24
Warning (10230): Verilog HDL assignment warning at clock_timer.v(25): truncated value with size 32 to match size of target (4) File: D:/Users/kkldream/Desktop/FPGA/week7/t1/clock_timer.v Line: 25
Warning (10230): Verilog HDL assignment warning at clock_timer.v(54): truncated value with size 32 to match size of target (8) File: D:/Users/kkldream/Desktop/FPGA/week7/t1/clock_timer.v Line: 54
Warning (10230): Verilog HDL assignment warning at clock_timer.v(60): truncated value with size 32 to match size of target (8) File: D:/Users/kkldream/Desktop/FPGA/week7/t1/clock_timer.v Line: 60
Warning (10230): Verilog HDL assignment warning at clock_timer.v(64): truncated value with size 32 to match size of target (8) File: D:/Users/kkldream/Desktop/FPGA/week7/t1/clock_timer.v Line: 64
Warning (10230): Verilog HDL assignment warning at clock_timer.v(68): truncated value with size 32 to match size of target (8) File: D:/Users/kkldream/Desktop/FPGA/week7/t1/clock_timer.v Line: 68
Warning (10230): Verilog HDL assignment warning at clock_timer.v(73): truncated value with size 32 to match size of target (8) File: D:/Users/kkldream/Desktop/FPGA/week7/t1/clock_timer.v Line: 73
Info (12128): Elaborating entity "SEG7_LUT_8" for hierarchy "SEG7_LUT_8:useg" File: D:/Users/kkldream/Desktop/FPGA/week7/t1/t1.v Line: 111
Info (12128): Elaborating entity "SEG7_LUT" for hierarchy "SEG7_LUT_8:useg|SEG7_LUT:u0" File: D:/Users/kkldream/Desktop/FPGA/week7/t1/SEG7_LUT_8.v Line: 6
Info (278001): Inferred 8 megafunctions from design logic
    Info (278004): Inferred divider/modulo megafunction ("lpm_divide") from the following logic: "clock_timer:utimer|Mod0" File: D:/Users/kkldream/Desktop/FPGA/week7/t1/clock_timer.v Line: 15
    Info (278004): Inferred divider/modulo megafunction ("lpm_divide") from the following logic: "clock_timer:utimer|Div0" File: D:/Users/kkldream/Desktop/FPGA/week7/t1/clock_timer.v Line: 16
    Info (278004): Inferred divider/modulo megafunction ("lpm_divide") from the following logic: "clock_timer:utimer|Mod1" File: D:/Users/kkldream/Desktop/FPGA/week7/t1/clock_timer.v Line: 18
    Info (278004): Inferred divider/modulo megafunction ("lpm_divide") from the following logic: "clock_timer:utimer|Div1" File: D:/Users/kkldream/Desktop/FPGA/week7/t1/clock_timer.v Line: 19
    Info (278004): Inferred divider/modulo megafunction ("lpm_divide") from the following logic: "clock_timer:utimer|Mod2" File: D:/Users/kkldream/Desktop/FPGA/week7/t1/clock_timer.v Line: 21
    Info (278004): Inferred divider/modulo megafunction ("lpm_divide") from the following logic: "clock_timer:utimer|Div2" File: D:/Users/kkldream/Desktop/FPGA/week7/t1/clock_timer.v Line: 22
    Info (278004): Inferred divider/modulo megafunction ("lpm_divide") from the following logic: "clock_timer:utimer|Mod3" File: D:/Users/kkldream/Desktop/FPGA/week7/t1/clock_timer.v Line: 24
    Info (278004): Inferred divider/modulo megafunction ("lpm_divide") from the following logic: "clock_timer:utimer|Div3" File: D:/Users/kkldream/Desktop/FPGA/week7/t1/clock_timer.v Line: 25
Info (12130): Elaborated megafunction instantiation "clock_timer:utimer|lpm_divide:Mod0" File: D:/Users/kkldream/Desktop/FPGA/week7/t1/clock_timer.v Line: 15
Info (12133): Instantiated megafunction "clock_timer:utimer|lpm_divide:Mod0" with the following parameter: File: D:/Users/kkldream/Desktop/FPGA/week7/t1/clock_timer.v Line: 15
    Info (12134): Parameter "LPM_WIDTHN" = "8"
    Info (12134): Parameter "LPM_WIDTHD" = "4"
    Info (12134): Parameter "LPM_NREPRESENTATION" = "UNSIGNED"
    Info (12134): Parameter "LPM_DREPRESENTATION" = "UNSIGNED"
Info (12021): Found 1 design units, including 1 entities, in source file db/lpm_divide_m9m.tdf
    Info (12023): Found entity 1: lpm_divide_m9m File: D:/Users/kkldream/Desktop/FPGA/week7/t1/db/lpm_divide_m9m.tdf Line: 24
Info (12021): Found 1 design units, including 1 entities, in source file db/sign_div_unsign_bkh.tdf
    Info (12023): Found entity 1: sign_div_unsign_bkh File: D:/Users/kkldream/Desktop/FPGA/week7/t1/db/sign_div_unsign_bkh.tdf Line: 24
Info (12021): Found 1 design units, including 1 entities, in source file db/alt_u_div_a4f.tdf
    Info (12023): Found entity 1: alt_u_div_a4f File: D:/Users/kkldream/Desktop/FPGA/week7/t1/db/alt_u_div_a4f.tdf Line: 26
Info (12021): Found 1 design units, including 1 entities, in source file db/add_sub_7pc.tdf
    Info (12023): Found entity 1: add_sub_7pc File: D:/Users/kkldream/Desktop/FPGA/week7/t1/db/add_sub_7pc.tdf Line: 22
Info (12021): Found 1 design units, including 1 entities, in source file db/add_sub_8pc.tdf
    Info (12023): Found entity 1: add_sub_8pc File: D:/Users/kkldream/Desktop/FPGA/week7/t1/db/add_sub_8pc.tdf Line: 22
Info (12130): Elaborated megafunction instantiation "clock_timer:utimer|lpm_divide:Div0" File: D:/Users/kkldream/Desktop/FPGA/week7/t1/clock_timer.v Line: 16
Info (12133): Instantiated megafunction "clock_timer:utimer|lpm_divide:Div0" with the following parameter: File: D:/Users/kkldream/Desktop/FPGA/week7/t1/clock_timer.v Line: 16
    Info (12134): Parameter "LPM_WIDTHN" = "8"
    Info (12134): Parameter "LPM_WIDTHD" = "4"
    Info (12134): Parameter "LPM_NREPRESENTATION" = "UNSIGNED"
    Info (12134): Parameter "LPM_DREPRESENTATION" = "UNSIGNED"
Info (12021): Found 1 design units, including 1 entities, in source file db/lpm_divide_jhm.tdf
    Info (12023): Found entity 1: lpm_divide_jhm File: D:/Users/kkldream/Desktop/FPGA/week7/t1/db/lpm_divide_jhm.tdf Line: 24
Warning (12241): 10 hierarchies have connectivity warnings - see the Connectivity Checks report folder
Warning (13034): The following nodes have both tri-state and non-tri-state drivers
    Warning (13035): Inserted always-enabled tri-state buffer between "GPIO[0]" and its non-tri-state driver. File: D:/Users/kkldream/Desktop/FPGA/week7/t1/t1.v Line: 72
    Warning (13035): Inserted always-enabled tri-state buffer between "GPIO[1]" and its non-tri-state driver. File: D:/Users/kkldream/Desktop/FPGA/week7/t1/t1.v Line: 72
    Warning (13035): Inserted always-enabled tri-state buffer between "GPIO[2]" and its non-tri-state driver. File: D:/Users/kkldream/Desktop/FPGA/week7/t1/t1.v Line: 72
    Warning (13035): Inserted always-enabled tri-state buffer between "GPIO[3]" and its non-tri-state driver. File: D:/Users/kkldream/Desktop/FPGA/week7/t1/t1.v Line: 72
Warning (13039): The following bidirectional pins have no drivers
    Warning (13040): bidirectional pin "GPIO[4]" has no driver File: D:/Users/kkldream/Desktop/FPGA/week7/t1/t1.v Line: 72
    Warning (13040): bidirectional pin "GPIO[5]" has no driver File: D:/Users/kkldream/Desktop/FPGA/week7/t1/t1.v Line: 72
    Warning (13040): bidirectional pin "GPIO[6]" has no driver File: D:/Users/kkldream/Desktop/FPGA/week7/t1/t1.v Line: 72
    Warning (13040): bidirectional pin "GPIO[7]" has no driver File: D:/Users/kkldream/Desktop/FPGA/week7/t1/t1.v Line: 72
    Warning (13040): bidirectional pin "GPIO[8]" has no driver File: D:/Users/kkldream/Desktop/FPGA/week7/t1/t1.v Line: 72
    Warning (13040): bidirectional pin "GPIO[9]" has no driver File: D:/Users/kkldream/Desktop/FPGA/week7/t1/t1.v Line: 72
    Warning (13040): bidirectional pin "GPIO[10]" has no driver File: D:/Users/kkldream/Desktop/FPGA/week7/t1/t1.v Line: 72
    Warning (13040): bidirectional pin "GPIO[11]" has no driver File: D:/Users/kkldream/Desktop/FPGA/week7/t1/t1.v Line: 72
    Warning (13040): bidirectional pin "GPIO[12]" has no driver File: D:/Users/kkldream/Desktop/FPGA/week7/t1/t1.v Line: 72
    Warning (13040): bidirectional pin "GPIO[13]" has no driver File: D:/Users/kkldream/Desktop/FPGA/week7/t1/t1.v Line: 72
    Warning (13040): bidirectional pin "GPIO[14]" has no driver File: D:/Users/kkldream/Desktop/FPGA/week7/t1/t1.v Line: 72
    Warning (13040): bidirectional pin "GPIO[15]" has no driver File: D:/Users/kkldream/Desktop/FPGA/week7/t1/t1.v Line: 72
    Warning (13040): bidirectional pin "GPIO[16]" has no driver File: D:/Users/kkldream/Desktop/FPGA/week7/t1/t1.v Line: 72
    Warning (13040): bidirectional pin "GPIO[17]" has no driver File: D:/Users/kkldream/Desktop/FPGA/week7/t1/t1.v Line: 72
    Warning (13040): bidirectional pin "GPIO[18]" has no driver File: D:/Users/kkldream/Desktop/FPGA/week7/t1/t1.v Line: 72
    Warning (13040): bidirectional pin "GPIO[19]" has no driver File: D:/Users/kkldream/Desktop/FPGA/week7/t1/t1.v Line: 72
    Warning (13040): bidirectional pin "GPIO[20]" has no driver File: D:/Users/kkldream/Desktop/FPGA/week7/t1/t1.v Line: 72
    Warning (13040): bidirectional pin "GPIO[21]" has no driver File: D:/Users/kkldream/Desktop/FPGA/week7/t1/t1.v Line: 72
    Warning (13040): bidirectional pin "GPIO[22]" has no driver File: D:/Users/kkldream/Desktop/FPGA/week7/t1/t1.v Line: 72
    Warning (13040): bidirectional pin "GPIO[23]" has no driver File: D:/Users/kkldream/Desktop/FPGA/week7/t1/t1.v Line: 72
    Warning (13040): bidirectional pin "GPIO[24]" has no driver File: D:/Users/kkldream/Desktop/FPGA/week7/t1/t1.v Line: 72
    Warning (13040): bidirectional pin "GPIO[25]" has no driver File: D:/Users/kkldream/Desktop/FPGA/week7/t1/t1.v Line: 72
    Warning (13040): bidirectional pin "GPIO[26]" has no driver File: D:/Users/kkldream/Desktop/FPGA/week7/t1/t1.v Line: 72
    Warning (13040): bidirectional pin "GPIO[27]" has no driver File: D:/Users/kkldream/Desktop/FPGA/week7/t1/t1.v Line: 72
    Warning (13040): bidirectional pin "GPIO[28]" has no driver File: D:/Users/kkldream/Desktop/FPGA/week7/t1/t1.v Line: 72
    Warning (13040): bidirectional pin "GPIO[29]" has no driver File: D:/Users/kkldream/Desktop/FPGA/week7/t1/t1.v Line: 72
    Warning (13040): bidirectional pin "GPIO[30]" has no driver File: D:/Users/kkldream/Desktop/FPGA/week7/t1/t1.v Line: 72
    Warning (13040): bidirectional pin "GPIO[31]" has no driver File: D:/Users/kkldream/Desktop/FPGA/week7/t1/t1.v Line: 72
    Warning (13040): bidirectional pin "GPIO[32]" has no driver File: D:/Users/kkldream/Desktop/FPGA/week7/t1/t1.v Line: 72
    Warning (13040): bidirectional pin "GPIO[33]" has no driver File: D:/Users/kkldream/Desktop/FPGA/week7/t1/t1.v Line: 72
    Warning (13040): bidirectional pin "GPIO[34]" has no driver File: D:/Users/kkldream/Desktop/FPGA/week7/t1/t1.v Line: 72
    Warning (13040): bidirectional pin "GPIO[35]" has no driver File: D:/Users/kkldream/Desktop/FPGA/week7/t1/t1.v Line: 72
Warning (13009): TRI or OPNDRN buffers permanently enabled
    Warning (13010): Node "GPIO[0]~synth" File: D:/Users/kkldream/Desktop/FPGA/week7/t1/t1.v Line: 72
    Warning (13010): Node "GPIO[1]~synth" File: D:/Users/kkldream/Desktop/FPGA/week7/t1/t1.v Line: 72
    Warning (13010): Node "GPIO[2]~synth" File: D:/Users/kkldream/Desktop/FPGA/week7/t1/t1.v Line: 72
    Warning (13010): Node "GPIO[3]~synth" File: D:/Users/kkldream/Desktop/FPGA/week7/t1/t1.v Line: 72
Warning (13024): Output pins are stuck at VCC or GND
    Warning (13410): Pin "LEDG[0]" is stuck at GND File: D:/Users/kkldream/Desktop/FPGA/week7/t1/t1.v Line: 52
    Warning (13410): Pin "LEDG[1]" is stuck at GND File: D:/Users/kkldream/Desktop/FPGA/week7/t1/t1.v Line: 52
    Warning (13410): Pin "LEDG[2]" is stuck at GND File: D:/Users/kkldream/Desktop/FPGA/week7/t1/t1.v Line: 52
    Warning (13410): Pin "LEDG[3]" is stuck at GND File: D:/Users/kkldream/Desktop/FPGA/week7/t1/t1.v Line: 52
    Warning (13410): Pin "LEDG[4]" is stuck at GND File: D:/Users/kkldream/Desktop/FPGA/week7/t1/t1.v Line: 52
    Warning (13410): Pin "LEDG[5]" is stuck at GND File: D:/Users/kkldream/Desktop/FPGA/week7/t1/t1.v Line: 52
    Warning (13410): Pin "LEDG[6]" is stuck at GND File: D:/Users/kkldream/Desktop/FPGA/week7/t1/t1.v Line: 52
    Warning (13410): Pin "LEDG[7]" is stuck at GND File: D:/Users/kkldream/Desktop/FPGA/week7/t1/t1.v Line: 52
    Warning (13410): Pin "LEDG[8]" is stuck at GND File: D:/Users/kkldream/Desktop/FPGA/week7/t1/t1.v Line: 52
    Warning (13410): Pin "LEDR[0]" is stuck at GND File: D:/Users/kkldream/Desktop/FPGA/week7/t1/t1.v Line: 53
    Warning (13410): Pin "LEDR[1]" is stuck at GND File: D:/Users/kkldream/Desktop/FPGA/week7/t1/t1.v Line: 53
    Warning (13410): Pin "LEDR[2]" is stuck at GND File: D:/Users/kkldream/Desktop/FPGA/week7/t1/t1.v Line: 53
    Warning (13410): Pin "LEDR[3]" is stuck at GND File: D:/Users/kkldream/Desktop/FPGA/week7/t1/t1.v Line: 53
    Warning (13410): Pin "LEDR[4]" is stuck at GND File: D:/Users/kkldream/Desktop/FPGA/week7/t1/t1.v Line: 53
    Warning (13410): Pin "LEDR[5]" is stuck at GND File: D:/Users/kkldream/Desktop/FPGA/week7/t1/t1.v Line: 53
    Warning (13410): Pin "LEDR[6]" is stuck at GND File: D:/Users/kkldream/Desktop/FPGA/week7/t1/t1.v Line: 53
    Warning (13410): Pin "LEDR[9]" is stuck at GND File: D:/Users/kkldream/Desktop/FPGA/week7/t1/t1.v Line: 53
    Warning (13410): Pin "LEDR[10]" is stuck at GND File: D:/Users/kkldream/Desktop/FPGA/week7/t1/t1.v Line: 53
    Warning (13410): Pin "LEDR[11]" is stuck at GND File: D:/Users/kkldream/Desktop/FPGA/week7/t1/t1.v Line: 53
    Warning (13410): Pin "LEDR[12]" is stuck at GND File: D:/Users/kkldream/Desktop/FPGA/week7/t1/t1.v Line: 53
    Warning (13410): Pin "LEDR[13]" is stuck at GND File: D:/Users/kkldream/Desktop/FPGA/week7/t1/t1.v Line: 53
    Warning (13410): Pin "LEDR[14]" is stuck at GND File: D:/Users/kkldream/Desktop/FPGA/week7/t1/t1.v Line: 53
    Warning (13410): Pin "LEDR[15]" is stuck at GND File: D:/Users/kkldream/Desktop/FPGA/week7/t1/t1.v Line: 53
    Warning (13410): Pin "LEDR[16]" is stuck at GND File: D:/Users/kkldream/Desktop/FPGA/week7/t1/t1.v Line: 53
    Warning (13410): Pin "LEDR[17]" is stuck at GND File: D:/Users/kkldream/Desktop/FPGA/week7/t1/t1.v Line: 53
Info (286030): Timing-Driven Synthesis is running
Info (16010): Generating hard_block partition "hard_block:auto_generated_inst"
    Info (16011): Adding 0 node(s), including 0 DDIO, 0 PLL, 0 transceiver and 0 LCELL
Warning (21074): Design contains 21 input pin(s) that do not drive logic
    Warning (15610): No output dependent on input pin "CLOCK2_50" File: D:/Users/kkldream/Desktop/FPGA/week7/t1/t1.v Line: 48
    Warning (15610): No output dependent on input pin "CLOCK3_50" File: D:/Users/kkldream/Desktop/FPGA/week7/t1/t1.v Line: 49
    Warning (15610): No output dependent on input pin "KEY[3]" File: D:/Users/kkldream/Desktop/FPGA/week7/t1/t1.v Line: 56
    Warning (15610): No output dependent on input pin "SW[0]" File: D:/Users/kkldream/Desktop/FPGA/week7/t1/t1.v Line: 59
    Warning (15610): No output dependent on input pin "SW[1]" File: D:/Users/kkldream/Desktop/FPGA/week7/t1/t1.v Line: 59
    Warning (15610): No output dependent on input pin "SW[2]" File: D:/Users/kkldream/Desktop/FPGA/week7/t1/t1.v Line: 59
    Warning (15610): No output dependent on input pin "SW[3]" File: D:/Users/kkldream/Desktop/FPGA/week7/t1/t1.v Line: 59
    Warning (15610): No output dependent on input pin "SW[4]" File: D:/Users/kkldream/Desktop/FPGA/week7/t1/t1.v Line: 59
    Warning (15610): No output dependent on input pin "SW[5]" File: D:/Users/kkldream/Desktop/FPGA/week7/t1/t1.v Line: 59
    Warning (15610): No output dependent on input pin "SW[6]" File: D:/Users/kkldream/Desktop/FPGA/week7/t1/t1.v Line: 59
    Warning (15610): No output dependent on input pin "SW[7]" File: D:/Users/kkldream/Desktop/FPGA/week7/t1/t1.v Line: 59
    Warning (15610): No output dependent on input pin "SW[8]" File: D:/Users/kkldream/Desktop/FPGA/week7/t1/t1.v Line: 59
    Warning (15610): No output dependent on input pin "SW[9]" File: D:/Users/kkldream/Desktop/FPGA/week7/t1/t1.v Line: 59
    Warning (15610): No output dependent on input pin "SW[10]" File: D:/Users/kkldream/Desktop/FPGA/week7/t1/t1.v Line: 59
    Warning (15610): No output dependent on input pin "SW[11]" File: D:/Users/kkldream/Desktop/FPGA/week7/t1/t1.v Line: 59
    Warning (15610): No output dependent on input pin "SW[12]" File: D:/Users/kkldream/Desktop/FPGA/week7/t1/t1.v Line: 59
    Warning (15610): No output dependent on input pin "SW[13]" File: D:/Users/kkldream/Desktop/FPGA/week7/t1/t1.v Line: 59
    Warning (15610): No output dependent on input pin "SW[14]" File: D:/Users/kkldream/Desktop/FPGA/week7/t1/t1.v Line: 59
    Warning (15610): No output dependent on input pin "SW[15]" File: D:/Users/kkldream/Desktop/FPGA/week7/t1/t1.v Line: 59
    Warning (15610): No output dependent on input pin "SW[16]" File: D:/Users/kkldream/Desktop/FPGA/week7/t1/t1.v Line: 59
    Warning (15610): No output dependent on input pin "SW[17]" File: D:/Users/kkldream/Desktop/FPGA/week7/t1/t1.v Line: 59
Info (21057): Implemented 765 device resources after synthesis - the final resource count might be different
    Info (21058): Implemented 25 input pins
    Info (21059): Implemented 83 output pins
    Info (21060): Implemented 36 bidirectional pins
    Info (21061): Implemented 621 logic cells
Info: Quartus Prime Analysis & Synthesis was successful. 0 errors, 112 warnings
    Info: Peak virtual memory: 4772 megabytes
    Info: Processing ended: Fri Apr 16 09:33:02 2021
    Info: Elapsed time: 00:00:14
    Info: Total CPU time (on all processors): 00:00:27


