Analysis & Synthesis report for t1
Fri Apr 16 10:34:24 2021
Quartus Prime Version 17.1.0 Build 590 10/25/2017 SJ Lite Edition


---------------------
; Table of Contents ;
---------------------
  1. Legal Notice
  2. Analysis & Synthesis Summary
  3. Analysis & Synthesis Settings
  4. Parallel Compilation
  5. Analysis & Synthesis Source Files Read
  6. Analysis & Synthesis Resource Usage Summary
  7. Analysis & Synthesis Resource Utilization by Entity
  8. General Register Statistics
  9. Parameter Settings for User Entity Instance: mux4_1:ucount
 10. Parameter Settings for User Entity Instance: mux4_1:uhour
 11. Parameter Settings for User Entity Instance: mux4_1:umin
 12. Parameter Settings for User Entity Instance: mux4_1:usec
 13. Parameter Settings for User Entity Instance: demux1_4:udemux
 14. Parameter Settings for User Entity Instance: mux4_1:urstime
 15. Port Connectivity Checks: "mux4_1:urstime"
 16. Port Connectivity Checks: "demux1_4:udemux"
 17. Port Connectivity Checks: "mux4_1:usec"
 18. Port Connectivity Checks: "mux4_1:umin"
 19. Port Connectivity Checks: "mux4_1:uhour"
 20. Port Connectivity Checks: "mux4_1:ucount"
 21. Port Connectivity Checks: "clock_timer:utimer2"
 22. Port Connectivity Checks: "clock_timer:utimer"
 23. Port Connectivity Checks: "clock_all:uc|divider_10:clk7"
 24. Port Connectivity Checks: "clock_all:uc|divider_10:clk6"
 25. Port Connectivity Checks: "clock_all:uc|divider_10:clk5"
 26. Port Connectivity Checks: "clock_all:uc|divider_10:clk4"
 27. Port Connectivity Checks: "clock_all:uc|divider_10:clk3"
 28. Port Connectivity Checks: "clock_all:uc|divider_10:clk2"
 29. Port Connectivity Checks: "clock_all:uc|divider_10:clk1"
 30. Port Connectivity Checks: "clock_all:uc|divider_50:clk0"
 31. Port Connectivity Checks: "clock_all:uc"
 32. Post-Synthesis Netlist Statistics for Top Partition
 33. Elapsed Time Per Partition
 34. Analysis & Synthesis Messages



----------------
; Legal Notice ;
----------------
Copyright (C) 2017  Intel Corporation. All rights reserved.
Your use of Intel Corporation's design tools, logic functions 
and other software and tools, and its AMPP partner logic 
functions, and any output files from any of the foregoing 
(including device programming or simulation files), and any 
associated documentation or information are expressly subject 
to the terms and conditions of the Intel Program License 
Subscription Agreement, the Intel Quartus Prime License Agreement,
the Intel FPGA IP License Agreement, or other applicable license
agreement, including, without limitation, that your use is for
the sole purpose of programming logic devices manufactured by
Intel and sold by Intel or its authorized distributors.  Please
refer to the applicable agreement for further details.



+----------------------------------------------------------------------------------+
; Analysis & Synthesis Summary                                                     ;
+------------------------------------+---------------------------------------------+
; Analysis & Synthesis Status        ; Successful - Fri Apr 16 10:34:24 2021       ;
; Quartus Prime Version              ; 17.1.0 Build 590 10/25/2017 SJ Lite Edition ;
; Revision Name                      ; t1                                          ;
; Top-level Entity Name              ; t1                                          ;
; Family                             ; Cyclone IV E                                ;
; Total logic elements               ; 132                                         ;
;     Total combinational functions  ; 132                                         ;
;     Dedicated logic registers      ; 60                                          ;
; Total registers                    ; 60                                          ;
; Total pins                         ; 144                                         ;
; Total virtual pins                 ; 0                                           ;
; Total memory bits                  ; 0                                           ;
; Embedded Multiplier 9-bit elements ; 0                                           ;
; Total PLLs                         ; 0                                           ;
+------------------------------------+---------------------------------------------+


+----------------------------------------------------------------------------------------------------------------------+
; Analysis & Synthesis Settings                                                                                        ;
+----------------------------------------------------------------------------+--------------------+--------------------+
; Option                                                                     ; Setting            ; Default Value      ;
+----------------------------------------------------------------------------+--------------------+--------------------+
; Device                                                                     ; EP4CE115F29C7      ;                    ;
; Top-level entity name                                                      ; t1                 ; t1                 ;
; Family name                                                                ; Cyclone IV E       ; Cyclone V          ;
; Use smart compilation                                                      ; Off                ; Off                ;
; Enable parallel Assembler and TimeQuest Timing Analyzer during compilation ; On                 ; On                 ;
; Enable compact report table                                                ; Off                ; Off                ;
; Restructure Multiplexers                                                   ; Auto               ; Auto               ;
; Create Debugging Nodes for IP Cores                                        ; Off                ; Off                ;
; Preserve fewer node names                                                  ; On                 ; On                 ;
; Intel FPGA IP Evaluation Mode                                              ; Enable             ; Enable             ;
; Verilog Version                                                            ; Verilog_2001       ; Verilog_2001       ;
; VHDL Version                                                               ; VHDL_1993          ; VHDL_1993          ;
; State Machine Processing                                                   ; Auto               ; Auto               ;
; Safe State Machine                                                         ; Off                ; Off                ;
; Extract Verilog State Machines                                             ; On                 ; On                 ;
; Extract VHDL State Machines                                                ; On                 ; On                 ;
; Ignore Verilog initial constructs                                          ; Off                ; Off                ;
; Iteration limit for constant Verilog loops                                 ; 5000               ; 5000               ;
; Iteration limit for non-constant Verilog loops                             ; 250                ; 250                ;
; Add Pass-Through Logic to Inferred RAMs                                    ; On                 ; On                 ;
; Infer RAMs from Raw Logic                                                  ; On                 ; On                 ;
; Parallel Synthesis                                                         ; On                 ; On                 ;
; DSP Block Balancing                                                        ; Auto               ; Auto               ;
; NOT Gate Push-Back                                                         ; On                 ; On                 ;
; Power-Up Don't Care                                                        ; On                 ; On                 ;
; Remove Redundant Logic Cells                                               ; Off                ; Off                ;
; Remove Duplicate Registers                                                 ; On                 ; On                 ;
; Ignore CARRY Buffers                                                       ; Off                ; Off                ;
; Ignore CASCADE Buffers                                                     ; Off                ; Off                ;
; Ignore GLOBAL Buffers                                                      ; Off                ; Off                ;
; Ignore ROW GLOBAL Buffers                                                  ; Off                ; Off                ;
; Ignore LCELL Buffers                                                       ; Off                ; Off                ;
; Ignore SOFT Buffers                                                        ; On                 ; On                 ;
; Limit AHDL Integers to 32 Bits                                             ; Off                ; Off                ;
; Optimization Technique                                                     ; Balanced           ; Balanced           ;
; Carry Chain Length                                                         ; 70                 ; 70                 ;
; Auto Carry Chains                                                          ; On                 ; On                 ;
; Auto Open-Drain Pins                                                       ; On                 ; On                 ;
; Perform WYSIWYG Primitive Resynthesis                                      ; Off                ; Off                ;
; Auto ROM Replacement                                                       ; On                 ; On                 ;
; Auto RAM Replacement                                                       ; On                 ; On                 ;
; Auto DSP Block Replacement                                                 ; On                 ; On                 ;
; Auto Shift Register Replacement                                            ; Auto               ; Auto               ;
; Allow Shift Register Merging across Hierarchies                            ; Auto               ; Auto               ;
; Auto Clock Enable Replacement                                              ; On                 ; On                 ;
; Strict RAM Replacement                                                     ; Off                ; Off                ;
; Allow Synchronous Control Signals                                          ; On                 ; On                 ;
; Force Use of Synchronous Clear Signals                                     ; Off                ; Off                ;
; Auto RAM Block Balancing                                                   ; On                 ; On                 ;
; Auto RAM to Logic Cell Conversion                                          ; Off                ; Off                ;
; Auto Resource Sharing                                                      ; Off                ; Off                ;
; Allow Any RAM Size For Recognition                                         ; Off                ; Off                ;
; Allow Any ROM Size For Recognition                                         ; Off                ; Off                ;
; Allow Any Shift Register Size For Recognition                              ; Off                ; Off                ;
; Use LogicLock Constraints during Resource Balancing                        ; On                 ; On                 ;
; Ignore translate_off and synthesis_off directives                          ; Off                ; Off                ;
; Timing-Driven Synthesis                                                    ; On                 ; On                 ;
; Report Parameter Settings                                                  ; On                 ; On                 ;
; Report Source Assignments                                                  ; On                 ; On                 ;
; Report Connectivity Checks                                                 ; On                 ; On                 ;
; Ignore Maximum Fan-Out Assignments                                         ; Off                ; Off                ;
; Synchronization Register Chain Length                                      ; 2                  ; 2                  ;
; Power Optimization During Synthesis                                        ; Normal compilation ; Normal compilation ;
; HDL message level                                                          ; Level2             ; Level2             ;
; Suppress Register Optimization Related Messages                            ; Off                ; Off                ;
; Number of Removed Registers Reported in Synthesis Report                   ; 5000               ; 5000               ;
; Number of Swept Nodes Reported in Synthesis Report                         ; 5000               ; 5000               ;
; Number of Inverted Registers Reported in Synthesis Report                  ; 100                ; 100                ;
; Clock MUX Protection                                                       ; On                 ; On                 ;
; Auto Gated Clock Conversion                                                ; Off                ; Off                ;
; Block Design Naming                                                        ; Auto               ; Auto               ;
; SDC constraint protection                                                  ; Off                ; Off                ;
; Synthesis Effort                                                           ; Auto               ; Auto               ;
; Shift Register Replacement - Allow Asynchronous Clear Signal               ; On                 ; On                 ;
; Pre-Mapping Resynthesis Optimization                                       ; Off                ; Off                ;
; Analysis & Synthesis Message Level                                         ; Medium             ; Medium             ;
; Disable Register Merging Across Hierarchies                                ; Auto               ; Auto               ;
; Resource Aware Inference For Block RAM                                     ; On                 ; On                 ;
+----------------------------------------------------------------------------+--------------------+--------------------+


+------------------------------------------+
; Parallel Compilation                     ;
+----------------------------+-------------+
; Processors                 ; Number      ;
+----------------------------+-------------+
; Number detected on machine ; 8           ;
; Maximum allowed            ; 4           ;
;                            ;             ;
; Average used               ; 1.00        ;
; Maximum used               ; 4           ;
;                            ;             ;
; Usage by Processor         ; % Time Used ;
;     Processor 1            ; 100.0%      ;
;     Processors 2-4         ;   0.0%      ;
+----------------------------+-------------+


+-----------------------------------------------------------------------------------------------------------------------------------------------------+
; Analysis & Synthesis Source Files Read                                                                                                              ;
+----------------------------------+-----------------+------------------------------+-------------------------------------------------------+---------+
; File Name with User-Entered Path ; Used in Netlist ; File Type                    ; File Name with Absolute Path                          ; Library ;
+----------------------------------+-----------------+------------------------------+-------------------------------------------------------+---------+
; clock_all.v                      ; yes             ; User Verilog HDL File        ; D:/Users/kkldream/Desktop/FPGA/week8/t1/clock_all.v   ;         ;
; clock_timer.v                    ; yes             ; User Verilog HDL File        ; D:/Users/kkldream/Desktop/FPGA/week8/t1/clock_timer.v ;         ;
; SEG7_LUT_8.v                     ; yes             ; User Verilog HDL File        ; D:/Users/kkldream/Desktop/FPGA/week8/t1/SEG7_LUT_8.v  ;         ;
; demux1_4.v                       ; yes             ; User Verilog HDL File        ; D:/Users/kkldream/Desktop/FPGA/week8/t1/demux1_4.v    ;         ;
; mux4_1.v                         ; yes             ; User Verilog HDL File        ; D:/Users/kkldream/Desktop/FPGA/week8/t1/mux4_1.v      ;         ;
; t1.v                             ; yes             ; Auto-Found Verilog HDL File  ; D:/Users/kkldream/Desktop/FPGA/week8/t1/t1.v          ;         ;
+----------------------------------+-----------------+------------------------------+-------------------------------------------------------+---------+


+--------------------------------------------------------+
; Analysis & Synthesis Resource Usage Summary            ;
+---------------------------------------------+----------+
; Resource                                    ; Usage    ;
+---------------------------------------------+----------+
; Estimated Total logic elements              ; 132      ;
;                                             ;          ;
; Total combinational functions               ; 132      ;
; Logic element usage by number of LUT inputs ;          ;
;     -- 4 input functions                    ; 65       ;
;     -- 3 input functions                    ; 1        ;
;     -- <=2 input functions                  ; 66       ;
;                                             ;          ;
; Logic elements by mode                      ;          ;
;     -- normal mode                          ; 75       ;
;     -- arithmetic mode                      ; 57       ;
;                                             ;          ;
; Total registers                             ; 60       ;
;     -- Dedicated logic registers            ; 60       ;
;     -- I/O registers                        ; 0        ;
;                                             ;          ;
; I/O pins                                    ; 144      ;
;                                             ;          ;
; Embedded Multiplier 9-bit elements          ; 0        ;
;                                             ;          ;
; Maximum fan-out node                        ; Equal0~8 ;
; Maximum fan-out                             ; 60       ;
; Total fan-out                               ; 835      ;
; Average fan-out                             ; 1.62     ;
+---------------------------------------------+----------+


+----------------------------------------------------------------------------------------------------------------------------------------------------------------------------------------------------------------------+
; Analysis & Synthesis Resource Utilization by Entity                                                                                                                                                                  ;
+----------------------------+---------------------+---------------------------+-------------+--------------+---------+-----------+------+--------------+---------------------------------+-------------+--------------+
; Compilation Hierarchy Node ; Combinational ALUTs ; Dedicated Logic Registers ; Memory Bits ; DSP Elements ; DSP 9x9 ; DSP 18x18 ; Pins ; Virtual Pins ; Full Hierarchy Name             ; Entity Name ; Library Name ;
+----------------------------+---------------------+---------------------------+-------------+--------------+---------+-----------+------+--------------+---------------------------------+-------------+--------------+
; |t1                        ; 132 (72)            ; 60 (60)                   ; 0           ; 0            ; 0       ; 0         ; 144  ; 0            ; |t1                             ; t1          ; work         ;
;    |SEG7_LUT_8:useg|       ; 56 (0)              ; 0 (0)                     ; 0           ; 0            ; 0       ; 0         ; 0    ; 0            ; |t1|SEG7_LUT_8:useg             ; SEG7_LUT_8  ; work         ;
;       |SEG7_LUT:u0|        ; 7 (7)               ; 0 (0)                     ; 0           ; 0            ; 0       ; 0         ; 0    ; 0            ; |t1|SEG7_LUT_8:useg|SEG7_LUT:u0 ; SEG7_LUT    ; work         ;
;       |SEG7_LUT:u1|        ; 7 (7)               ; 0 (0)                     ; 0           ; 0            ; 0       ; 0         ; 0    ; 0            ; |t1|SEG7_LUT_8:useg|SEG7_LUT:u1 ; SEG7_LUT    ; work         ;
;       |SEG7_LUT:u2|        ; 7 (7)               ; 0 (0)                     ; 0           ; 0            ; 0       ; 0         ; 0    ; 0            ; |t1|SEG7_LUT_8:useg|SEG7_LUT:u2 ; SEG7_LUT    ; work         ;
;       |SEG7_LUT:u3|        ; 7 (7)               ; 0 (0)                     ; 0           ; 0            ; 0       ; 0         ; 0    ; 0            ; |t1|SEG7_LUT_8:useg|SEG7_LUT:u3 ; SEG7_LUT    ; work         ;
;       |SEG7_LUT:u4|        ; 7 (7)               ; 0 (0)                     ; 0           ; 0            ; 0       ; 0         ; 0    ; 0            ; |t1|SEG7_LUT_8:useg|SEG7_LUT:u4 ; SEG7_LUT    ; work         ;
;       |SEG7_LUT:u5|        ; 7 (7)               ; 0 (0)                     ; 0           ; 0            ; 0       ; 0         ; 0    ; 0            ; |t1|SEG7_LUT_8:useg|SEG7_LUT:u5 ; SEG7_LUT    ; work         ;
;       |SEG7_LUT:u6|        ; 7 (7)               ; 0 (0)                     ; 0           ; 0            ; 0       ; 0         ; 0    ; 0            ; |t1|SEG7_LUT_8:useg|SEG7_LUT:u6 ; SEG7_LUT    ; work         ;
;       |SEG7_LUT:u7|        ; 7 (7)               ; 0 (0)                     ; 0           ; 0            ; 0       ; 0         ; 0    ; 0            ; |t1|SEG7_LUT_8:useg|SEG7_LUT:u7 ; SEG7_LUT    ; work         ;
;    |mux4_1:urstime|        ; 4 (4)               ; 0 (0)                     ; 0           ; 0            ; 0       ; 0         ; 0    ; 0            ; |t1|mux4_1:urstime              ; mux4_1      ; work         ;
+----------------------------+---------------------+---------------------------+-------------+--------------+---------+-----------+------+--------------+---------------------------------+-------------+--------------+
Note: For table entries with two numbers listed, the numbers in parentheses indicate the number of resources of the given type used by the specific entity alone. The numbers listed outside of parentheses indicate the total resources of the given type used by the specific entity and all of its sub-entities in the hierarchy.


+------------------------------------------------------+
; General Register Statistics                          ;
+----------------------------------------------+-------+
; Statistic                                    ; Value ;
+----------------------------------------------+-------+
; Total registers                              ; 60    ;
; Number of registers using Synchronous Clear  ; 0     ;
; Number of registers using Synchronous Load   ; 28    ;
; Number of registers using Asynchronous Clear ; 0     ;
; Number of registers using Asynchronous Load  ; 0     ;
; Number of registers using Clock Enable       ; 31    ;
; Number of registers using Preset             ; 0     ;
+----------------------------------------------+-------+


+------------------------------------------------------------+
; Parameter Settings for User Entity Instance: mux4_1:ucount ;
+----------------+-------+-----------------------------------+
; Parameter Name ; Value ; Type                              ;
+----------------+-------+-----------------------------------+
; width          ; 32    ; Signed Integer                    ;
+----------------+-------+-----------------------------------+
Note: In order to hide this table in the UI and the text report file, please set the "Show Parameter Settings in Synthesis Report" option in "Analysis and Synthesis Settings -> More Settings" to "Off".


+-----------------------------------------------------------+
; Parameter Settings for User Entity Instance: mux4_1:uhour ;
+----------------+-------+----------------------------------+
; Parameter Name ; Value ; Type                             ;
+----------------+-------+----------------------------------+
; width          ; 32    ; Signed Integer                   ;
+----------------+-------+----------------------------------+
Note: In order to hide this table in the UI and the text report file, please set the "Show Parameter Settings in Synthesis Report" option in "Analysis and Synthesis Settings -> More Settings" to "Off".


+----------------------------------------------------------+
; Parameter Settings for User Entity Instance: mux4_1:umin ;
+----------------+-------+---------------------------------+
; Parameter Name ; Value ; Type                            ;
+----------------+-------+---------------------------------+
; width          ; 32    ; Signed Integer                  ;
+----------------+-------+---------------------------------+
Note: In order to hide this table in the UI and the text report file, please set the "Show Parameter Settings in Synthesis Report" option in "Analysis and Synthesis Settings -> More Settings" to "Off".


+----------------------------------------------------------+
; Parameter Settings for User Entity Instance: mux4_1:usec ;
+----------------+-------+---------------------------------+
; Parameter Name ; Value ; Type                            ;
+----------------+-------+---------------------------------+
; width          ; 32    ; Signed Integer                  ;
+----------------+-------+---------------------------------+
Note: In order to hide this table in the UI and the text report file, please set the "Show Parameter Settings in Synthesis Report" option in "Analysis and Synthesis Settings -> More Settings" to "Off".


+--------------------------------------------------------------+
; Parameter Settings for User Entity Instance: demux1_4:udemux ;
+----------------+-------+-------------------------------------+
; Parameter Name ; Value ; Type                                ;
+----------------+-------+-------------------------------------+
; width          ; 4     ; Signed Integer                      ;
+----------------+-------+-------------------------------------+
Note: In order to hide this table in the UI and the text report file, please set the "Show Parameter Settings in Synthesis Report" option in "Analysis and Synthesis Settings -> More Settings" to "Off".


+-------------------------------------------------------------+
; Parameter Settings for User Entity Instance: mux4_1:urstime ;
+----------------+-------+------------------------------------+
; Parameter Name ; Value ; Type                               ;
+----------------+-------+------------------------------------+
; width          ; 32    ; Signed Integer                     ;
+----------------+-------+------------------------------------+
Note: In order to hide this table in the UI and the text report file, please set the "Show Parameter Settings in Synthesis Report" option in "Analysis and Synthesis Settings -> More Settings" to "Off".


+---------------------------------------------------------------------------------------------------------------------------------------------------------------------------------+
; Port Connectivity Checks: "mux4_1:urstime"                                                                                                                                      ;
+------------+--------+----------+------------------------------------------------------------------------------------------------------------------------------------------------+
; Port       ; Type   ; Severity ; Details                                                                                                                                        ;
+------------+--------+----------+------------------------------------------------------------------------------------------------------------------------------------------------+
; D0         ; Input  ; Warning  ; Input port expression (28 bits) is smaller than the input port (32 bits) it drives.  Extra input bit(s) "D0[31..28]" will be connected to GND. ;
; D0[23..19] ; Input  ; Info     ; Stuck at VCC                                                                                                                                   ;
; D0[15..12] ; Input  ; Info     ; Stuck at VCC                                                                                                                                   ;
; D0[27..26] ; Input  ; Info     ; Stuck at GND                                                                                                                                   ;
; D0[11..8]  ; Input  ; Info     ; Stuck at GND                                                                                                                                   ;
; D0[6..0]   ; Input  ; Info     ; Stuck at GND                                                                                                                                   ;
; D0[29]     ; Input  ; Info     ; Stuck at VCC                                                                                                                                   ;
; D0[28]     ; Input  ; Info     ; Stuck at GND                                                                                                                                   ;
; D0[22]     ; Input  ; Info     ; Stuck at GND                                                                                                                                   ;
; D0[21]     ; Input  ; Info     ; Stuck at VCC                                                                                                                                   ;
; D0[20]     ; Input  ; Info     ; Stuck at GND                                                                                                                                   ;
; D0[11]     ; Input  ; Info     ; Stuck at VCC                                                                                                                                   ;
; D1         ; Input  ; Warning  ; Input port expression (28 bits) is smaller than the input port (32 bits) it drives.  Extra input bit(s) "D1[31..28]" will be connected to GND. ;
; D1[22..18] ; Input  ; Info     ; Stuck at VCC                                                                                                                                   ;
; D1[14..11] ; Input  ; Info     ; Stuck at VCC                                                                                                                                   ;
; D1[27..25] ; Input  ; Info     ; Stuck at GND                                                                                                                                   ;
; D1[10..7]  ; Input  ; Info     ; Stuck at GND                                                                                                                                   ;
; D1[5..0]   ; Input  ; Info     ; Stuck at GND                                                                                                                                   ;
; D1[28]     ; Input  ; Info     ; Stuck at VCC                                                                                                                                   ;
; D1[27]     ; Input  ; Info     ; Stuck at GND                                                                                                                                   ;
; D1[21]     ; Input  ; Info     ; Stuck at GND                                                                                                                                   ;
; D1[20]     ; Input  ; Info     ; Stuck at VCC                                                                                                                                   ;
; D1[19]     ; Input  ; Info     ; Stuck at GND                                                                                                                                   ;
; D1[10]     ; Input  ; Info     ; Stuck at VCC                                                                                                                                   ;
; D2         ; Input  ; Warning  ; Input port expression (28 bits) is smaller than the input port (32 bits) it drives.  Extra input bit(s) "D2[31..28]" will be connected to GND. ;
; D2[19..18] ; Input  ; Info     ; Stuck at VCC                                                                                                                                   ;
; D2[9..8]   ; Input  ; Info     ; Stuck at VCC                                                                                                                                   ;
; D2[27..23] ; Input  ; Info     ; Stuck at GND                                                                                                                                   ;
; D2[21..20] ; Input  ; Info     ; Stuck at GND                                                                                                                                   ;
; D2[17..15] ; Input  ; Info     ; Stuck at GND                                                                                                                                   ;
; D2[13..12] ; Input  ; Info     ; Stuck at GND                                                                                                                                   ;
; D2[5..0]   ; Input  ; Info     ; Stuck at GND                                                                                                                                   ;
; D2[26]     ; Input  ; Info     ; Stuck at VCC                                                                                                                                   ;
; D2[18]     ; Input  ; Info     ; Stuck at VCC                                                                                                                                   ;
; D2[15]     ; Input  ; Info     ; Stuck at VCC                                                                                                                                   ;
; D2[14]     ; Input  ; Info     ; Stuck at GND                                                                                                                                   ;
; D2[11]     ; Input  ; Info     ; Stuck at GND                                                                                                                                   ;
; D2[10]     ; Input  ; Info     ; Stuck at VCC                                                                                                                                   ;
; Y          ; Output ; Warning  ; Output or bidir port (32 bits) is wider than the port expression (28 bits) it drives; bit(s) "Y[31..28]" have no fanouts                       ;
; D3         ; Input  ; Warning  ; Declared by entity but not connected by instance. If a default value exists, it will be used.  Otherwise, the port will be connected to GND.   ;
+------------+--------+----------+------------------------------------------------------------------------------------------------------------------------------------------------+


+-------------------------------------------------------------------------------------------------------------------------------------------------------------------------+
; Port Connectivity Checks: "demux1_4:udemux"                                                                                                                             ;
+------+--------+----------+----------------------------------------------------------------------------------------------------------------------------------------------+
; Port ; Type   ; Severity ; Details                                                                                                                                      ;
+------+--------+----------+----------------------------------------------------------------------------------------------------------------------------------------------+
; Y2   ; Output ; Warning  ; Declared by entity but not connected by instance. Logic that only feeds a dangling port will be removed.                                     ;
; Y3   ; Output ; Warning  ; Declared by entity but not connected by instance. Logic that only feeds a dangling port will be removed.                                     ;
; s1   ; Input  ; Warning  ; Declared by entity but not connected by instance. If a default value exists, it will be used.  Otherwise, the port will be connected to GND. ;
+------+--------+----------+----------------------------------------------------------------------------------------------------------------------------------------------+


+-------------------------------------------------------------------------------------------------------------------------------------------------------------------------+
; Port Connectivity Checks: "mux4_1:usec"                                                                                                                                 ;
+------+--------+----------+----------------------------------------------------------------------------------------------------------------------------------------------+
; Port ; Type   ; Severity ; Details                                                                                                                                      ;
+------+--------+----------+----------------------------------------------------------------------------------------------------------------------------------------------+
; D0   ; Input  ; Warning  ; Input port expression (8 bits) is smaller than the input port (32 bits) it drives.  Extra input bit(s) "D0[31..8]" will be connected to GND. ;
; D1   ; Input  ; Warning  ; Input port expression (8 bits) is smaller than the input port (32 bits) it drives.  Extra input bit(s) "D1[31..8]" will be connected to GND. ;
; D2   ; Input  ; Warning  ; Input port expression (8 bits) is smaller than the input port (32 bits) it drives.  Extra input bit(s) "D2[31..8]" will be connected to GND. ;
; D2   ; Input  ; Info     ; Stuck at VCC                                                                                                                                 ;
; Y    ; Output ; Warning  ; Output or bidir port (32 bits) is wider than the port expression (8 bits) it drives; bit(s) "Y[31..8]" have no fanouts                       ;
; Y    ; Output ; Info     ; Connected to dangling logic. Logic that only feeds a dangling port will be removed.                                                          ;
; D3   ; Input  ; Warning  ; Declared by entity but not connected by instance. If a default value exists, it will be used.  Otherwise, the port will be connected to GND. ;
+------+--------+----------+----------------------------------------------------------------------------------------------------------------------------------------------+


+-------------------------------------------------------------------------------------------------------------------------------------------------------------------------+
; Port Connectivity Checks: "mux4_1:umin"                                                                                                                                 ;
+------+--------+----------+----------------------------------------------------------------------------------------------------------------------------------------------+
; Port ; Type   ; Severity ; Details                                                                                                                                      ;
+------+--------+----------+----------------------------------------------------------------------------------------------------------------------------------------------+
; D0   ; Input  ; Warning  ; Input port expression (8 bits) is smaller than the input port (32 bits) it drives.  Extra input bit(s) "D0[31..8]" will be connected to GND. ;
; D1   ; Input  ; Warning  ; Input port expression (8 bits) is smaller than the input port (32 bits) it drives.  Extra input bit(s) "D1[31..8]" will be connected to GND. ;
; D2   ; Input  ; Warning  ; Input port expression (8 bits) is smaller than the input port (32 bits) it drives.  Extra input bit(s) "D2[31..8]" will be connected to GND. ;
; D2   ; Input  ; Info     ; Stuck at VCC                                                                                                                                 ;
; Y    ; Output ; Warning  ; Output or bidir port (32 bits) is wider than the port expression (8 bits) it drives; bit(s) "Y[31..8]" have no fanouts                       ;
; Y    ; Output ; Info     ; Connected to dangling logic. Logic that only feeds a dangling port will be removed.                                                          ;
; D3   ; Input  ; Warning  ; Declared by entity but not connected by instance. If a default value exists, it will be used.  Otherwise, the port will be connected to GND. ;
+------+--------+----------+----------------------------------------------------------------------------------------------------------------------------------------------+


+-------------------------------------------------------------------------------------------------------------------------------------------------------------------------+
; Port Connectivity Checks: "mux4_1:uhour"                                                                                                                                ;
+------+--------+----------+----------------------------------------------------------------------------------------------------------------------------------------------+
; Port ; Type   ; Severity ; Details                                                                                                                                      ;
+------+--------+----------+----------------------------------------------------------------------------------------------------------------------------------------------+
; D0   ; Input  ; Warning  ; Input port expression (8 bits) is smaller than the input port (32 bits) it drives.  Extra input bit(s) "D0[31..8]" will be connected to GND. ;
; D1   ; Input  ; Warning  ; Input port expression (8 bits) is smaller than the input port (32 bits) it drives.  Extra input bit(s) "D1[31..8]" will be connected to GND. ;
; D2   ; Input  ; Warning  ; Input port expression (8 bits) is smaller than the input port (32 bits) it drives.  Extra input bit(s) "D2[31..8]" will be connected to GND. ;
; D2   ; Input  ; Info     ; Stuck at VCC                                                                                                                                 ;
; Y    ; Output ; Warning  ; Output or bidir port (32 bits) is wider than the port expression (8 bits) it drives; bit(s) "Y[31..8]" have no fanouts                       ;
; Y    ; Output ; Info     ; Connected to dangling logic. Logic that only feeds a dangling port will be removed.                                                          ;
; D3   ; Input  ; Warning  ; Declared by entity but not connected by instance. If a default value exists, it will be used.  Otherwise, the port will be connected to GND. ;
+------+--------+----------+----------------------------------------------------------------------------------------------------------------------------------------------+


+-----------------------------------------------------------------------------------------------------------------------------------------------------------------------------+
; Port Connectivity Checks: "mux4_1:ucount"                                                                                                                                   ;
+----------+--------+----------+----------------------------------------------------------------------------------------------------------------------------------------------+
; Port     ; Type   ; Severity ; Details                                                                                                                                      ;
+----------+--------+----------+----------------------------------------------------------------------------------------------------------------------------------------------+
; D0       ; Input  ; Warning  ; Input port expression (8 bits) is smaller than the input port (32 bits) it drives.  Extra input bit(s) "D0[31..8]" will be connected to GND. ;
; D0[7..1] ; Input  ; Info     ; Stuck at GND                                                                                                                                 ;
; D0[24]   ; Input  ; Info     ; Stuck at VCC                                                                                                                                 ;
; D1       ; Input  ; Warning  ; Input port expression (8 bits) is smaller than the input port (32 bits) it drives.  Extra input bit(s) "D1[31..8]" will be connected to GND. ;
; D1[7..2] ; Input  ; Info     ; Stuck at GND                                                                                                                                 ;
; D1[25]   ; Input  ; Info     ; Stuck at VCC                                                                                                                                 ;
; D1[24]   ; Input  ; Info     ; Stuck at GND                                                                                                                                 ;
; D2       ; Input  ; Warning  ; Input port expression (8 bits) is smaller than the input port (32 bits) it drives.  Extra input bit(s) "D2[31..8]" will be connected to GND. ;
; D2[1..0] ; Input  ; Info     ; Stuck at VCC                                                                                                                                 ;
; D2[7..2] ; Input  ; Info     ; Stuck at GND                                                                                                                                 ;
; D3       ; Input  ; Warning  ; Input port expression (8 bits) is smaller than the input port (32 bits) it drives.  Extra input bit(s) "D3[31..8]" will be connected to GND. ;
; D3[7..3] ; Input  ; Info     ; Stuck at GND                                                                                                                                 ;
; D3[1..0] ; Input  ; Info     ; Stuck at GND                                                                                                                                 ;
; D3[26]   ; Input  ; Info     ; Stuck at VCC                                                                                                                                 ;
; Y        ; Output ; Warning  ; Output or bidir port (32 bits) is wider than the port expression (8 bits) it drives; bit(s) "Y[31..8]" have no fanouts                       ;
; Y        ; Output ; Info     ; Connected to dangling logic. Logic that only feeds a dangling port will be removed.                                                          ;
+----------+--------+----------+----------------------------------------------------------------------------------------------------------------------------------------------+


+-------------------------------------------------------------------------------------------------------------------------------------------------------------------------------+
; Port Connectivity Checks: "clock_timer:utimer2"                                                                                                                               ;
+------------+--------+----------+----------------------------------------------------------------------------------------------------------------------------------------------+
; Port       ; Type   ; Severity ; Details                                                                                                                                      ;
+------------+--------+----------+----------------------------------------------------------------------------------------------------------------------------------------------+
; ikey       ; Input  ; Warning  ; Input port expression (4 bits) is smaller than the input port (5 bits) it drives.  Extra input bit(s) "ikey[4..4]" will be connected to GND. ;
; okey_count ; Output ; Warning  ; Declared by entity but not connected by instance. Logic that only feeds a dangling port will be removed.                                     ;
+------------+--------+----------+----------------------------------------------------------------------------------------------------------------------------------------------+


+-------------------------------------------------------------------------------------------------------------------------------------------------------------------------------+
; Port Connectivity Checks: "clock_timer:utimer"                                                                                                                                ;
+------------+--------+----------+----------------------------------------------------------------------------------------------------------------------------------------------+
; Port       ; Type   ; Severity ; Details                                                                                                                                      ;
+------------+--------+----------+----------------------------------------------------------------------------------------------------------------------------------------------+
; ikey       ; Input  ; Warning  ; Input port expression (4 bits) is smaller than the input port (5 bits) it drives.  Extra input bit(s) "ikey[4..4]" will be connected to GND. ;
; okey_count ; Output ; Info     ; Connected to dangling logic. Logic that only feeds a dangling port will be removed.                                                          ;
+------------+--------+----------+----------------------------------------------------------------------------------------------------------------------------------------------+


+-----------------------------------------------------------------------------------------------------------------------------------------+
; Port Connectivity Checks: "clock_all:uc|divider_10:clk7"                                                                                ;
+----------+--------+----------+----------------------------------------------------------------------------------------------------------+
; Port     ; Type   ; Severity ; Details                                                                                                  ;
+----------+--------+----------+----------------------------------------------------------------------------------------------------------+
; count_10 ; Output ; Warning  ; Declared by entity but not connected by instance. Logic that only feeds a dangling port will be removed. ;
+----------+--------+----------+----------------------------------------------------------------------------------------------------------+


+-----------------------------------------------------------------------------------------------------------------------------------------+
; Port Connectivity Checks: "clock_all:uc|divider_10:clk6"                                                                                ;
+----------+--------+----------+----------------------------------------------------------------------------------------------------------+
; Port     ; Type   ; Severity ; Details                                                                                                  ;
+----------+--------+----------+----------------------------------------------------------------------------------------------------------+
; count_10 ; Output ; Warning  ; Declared by entity but not connected by instance. Logic that only feeds a dangling port will be removed. ;
+----------+--------+----------+----------------------------------------------------------------------------------------------------------+


+-----------------------------------------------------------------------------------------------------------------------------------------+
; Port Connectivity Checks: "clock_all:uc|divider_10:clk5"                                                                                ;
+----------+--------+----------+----------------------------------------------------------------------------------------------------------+
; Port     ; Type   ; Severity ; Details                                                                                                  ;
+----------+--------+----------+----------------------------------------------------------------------------------------------------------+
; count_10 ; Output ; Warning  ; Declared by entity but not connected by instance. Logic that only feeds a dangling port will be removed. ;
+----------+--------+----------+----------------------------------------------------------------------------------------------------------+


+-----------------------------------------------------------------------------------------------------------------------------------------+
; Port Connectivity Checks: "clock_all:uc|divider_10:clk4"                                                                                ;
+----------+--------+----------+----------------------------------------------------------------------------------------------------------+
; Port     ; Type   ; Severity ; Details                                                                                                  ;
+----------+--------+----------+----------------------------------------------------------------------------------------------------------+
; count_10 ; Output ; Warning  ; Declared by entity but not connected by instance. Logic that only feeds a dangling port will be removed. ;
+----------+--------+----------+----------------------------------------------------------------------------------------------------------+


+-----------------------------------------------------------------------------------------------------------------------------------------+
; Port Connectivity Checks: "clock_all:uc|divider_10:clk3"                                                                                ;
+----------+--------+----------+----------------------------------------------------------------------------------------------------------+
; Port     ; Type   ; Severity ; Details                                                                                                  ;
+----------+--------+----------+----------------------------------------------------------------------------------------------------------+
; count_10 ; Output ; Warning  ; Declared by entity but not connected by instance. Logic that only feeds a dangling port will be removed. ;
+----------+--------+----------+----------------------------------------------------------------------------------------------------------+


+-----------------------------------------------------------------------------------------------------------------------------------------+
; Port Connectivity Checks: "clock_all:uc|divider_10:clk2"                                                                                ;
+----------+--------+----------+----------------------------------------------------------------------------------------------------------+
; Port     ; Type   ; Severity ; Details                                                                                                  ;
+----------+--------+----------+----------------------------------------------------------------------------------------------------------+
; count_10 ; Output ; Warning  ; Declared by entity but not connected by instance. Logic that only feeds a dangling port will be removed. ;
+----------+--------+----------+----------------------------------------------------------------------------------------------------------+


+-----------------------------------------------------------------------------------------------------------------------------------------+
; Port Connectivity Checks: "clock_all:uc|divider_10:clk1"                                                                                ;
+----------+--------+----------+----------------------------------------------------------------------------------------------------------+
; Port     ; Type   ; Severity ; Details                                                                                                  ;
+----------+--------+----------+----------------------------------------------------------------------------------------------------------+
; count_10 ; Output ; Warning  ; Declared by entity but not connected by instance. Logic that only feeds a dangling port will be removed. ;
+----------+--------+----------+----------------------------------------------------------------------------------------------------------+


+-----------------------------------------------------------------------------------------------------------------------------------------+
; Port Connectivity Checks: "clock_all:uc|divider_50:clk0"                                                                                ;
+----------+--------+----------+----------------------------------------------------------------------------------------------------------+
; Port     ; Type   ; Severity ; Details                                                                                                  ;
+----------+--------+----------+----------------------------------------------------------------------------------------------------------+
; count_50 ; Output ; Warning  ; Declared by entity but not connected by instance. Logic that only feeds a dangling port will be removed. ;
+----------+--------+----------+----------------------------------------------------------------------------------------------------------+


+---------------------------------------------------------------------------------------------------------------------------------------------+
; Port Connectivity Checks: "clock_all:uc"                                                                                                    ;
+--------------+--------+----------+----------------------------------------------------------------------------------------------------------+
; Port         ; Type   ; Severity ; Details                                                                                                  ;
+--------------+--------+----------+----------------------------------------------------------------------------------------------------------+
; clock_1MHz   ; Output ; Info     ; Connected to dangling logic. Logic that only feeds a dangling port will be removed.                      ;
; clock_10ms   ; Output ; Info     ; Connected to dangling logic. Logic that only feeds a dangling port will be removed.                      ;
; clock_100kHz ; Output ; Warning  ; Declared by entity but not connected by instance. Logic that only feeds a dangling port will be removed. ;
; clock_10kHz  ; Output ; Warning  ; Declared by entity but not connected by instance. Logic that only feeds a dangling port will be removed. ;
; clock_1kHz   ; Output ; Warning  ; Declared by entity but not connected by instance. Logic that only feeds a dangling port will be removed. ;
; clock_100Hz  ; Output ; Warning  ; Declared by entity but not connected by instance. Logic that only feeds a dangling port will be removed. ;
; clock_10Hz   ; Output ; Warning  ; Declared by entity but not connected by instance. Logic that only feeds a dangling port will be removed. ;
; clock_1Hz    ; Output ; Warning  ; Declared by entity but not connected by instance. Logic that only feeds a dangling port will be removed. ;
; clock_01Hz   ; Output ; Warning  ; Declared by entity but not connected by instance. Logic that only feeds a dangling port will be removed. ;
; clock_1ms    ; Output ; Warning  ; Declared by entity but not connected by instance. Logic that only feeds a dangling port will be removed. ;
; clock_100us  ; Output ; Warning  ; Declared by entity but not connected by instance. Logic that only feeds a dangling port will be removed. ;
; clock_10us   ; Output ; Warning  ; Declared by entity but not connected by instance. Logic that only feeds a dangling port will be removed. ;
; clock_1us    ; Output ; Warning  ; Declared by entity but not connected by instance. Logic that only feeds a dangling port will be removed. ;
+--------------+--------+----------+----------------------------------------------------------------------------------------------------------+


+-----------------------------------------------------+
; Post-Synthesis Netlist Statistics for Top Partition ;
+-----------------------+-----------------------------+
; Type                  ; Count                       ;
+-----------------------+-----------------------------+
; boundary_port         ; 144                         ;
; cycloneiii_ff         ; 60                          ;
;     ENA               ; 31                          ;
;     SLD               ; 28                          ;
;     plain             ; 1                           ;
; cycloneiii_io_obuf    ; 36                          ;
; cycloneiii_lcell_comb ; 140                         ;
;     arith             ; 57                          ;
;         2 data inputs ; 56                          ;
;         3 data inputs ; 1                           ;
;     normal            ; 83                          ;
;         0 data inputs ; 1                           ;
;         1 data inputs ; 11                          ;
;         2 data inputs ; 6                           ;
;         4 data inputs ; 65                          ;
;                       ;                             ;
; Max LUT depth         ; 4.00                        ;
; Average LUT depth     ; 2.28                        ;
+-----------------------+-----------------------------+


+-------------------------------+
; Elapsed Time Per Partition    ;
+----------------+--------------+
; Partition Name ; Elapsed Time ;
+----------------+--------------+
; Top            ; 00:00:00     ;
+----------------+--------------+


+-------------------------------+
; Analysis & Synthesis Messages ;
+-------------------------------+
Info: *******************************************************************
Info: Running Quartus Prime Analysis & Synthesis
    Info: Version 17.1.0 Build 590 10/25/2017 SJ Lite Edition
    Info: Processing started: Fri Apr 16 10:34:12 2021
Info: Command: quartus_map --read_settings_files=on --write_settings_files=off t1 -c t1
Warning (18236): Number of processors has not been specified which may cause overloading on shared machines.  Set the global assignment NUM_PARALLEL_PROCESSORS in your QSF to an appropriate value for best performance.
Info (20030): Parallel compilation is enabled and will use 4 of the 4 processors detected
Info (12021): Found 3 design units, including 3 entities, in source file clock_all.v
    Info (12023): Found entity 1: clock_all File: D:/Users/kkldream/Desktop/FPGA/week8/t1/clock_all.v Line: 4
    Info (12023): Found entity 2: divider_10 File: D:/Users/kkldream/Desktop/FPGA/week8/t1/clock_all.v Line: 56
    Info (12023): Found entity 3: divider_50 File: D:/Users/kkldream/Desktop/FPGA/week8/t1/clock_all.v Line: 76
Info (12021): Found 1 design units, including 1 entities, in source file clock_timer.v
    Info (12023): Found entity 1: clock_timer File: D:/Users/kkldream/Desktop/FPGA/week8/t1/clock_timer.v Line: 4
Info (12021): Found 2 design units, including 2 entities, in source file seg7_lut_8.v
    Info (12023): Found entity 1: SEG7_LUT_8 File: D:/Users/kkldream/Desktop/FPGA/week8/t1/SEG7_LUT_8.v Line: 1
    Info (12023): Found entity 2: SEG7_LUT File: D:/Users/kkldream/Desktop/FPGA/week8/t1/SEG7_LUT_8.v Line: 18
Info (12021): Found 1 design units, including 1 entities, in source file demux1_4.v
    Info (12023): Found entity 1: demux1_4 File: D:/Users/kkldream/Desktop/FPGA/week8/t1/demux1_4.v Line: 1
Info (12021): Found 1 design units, including 1 entities, in source file mux4_1.v
    Info (12023): Found entity 1: mux4_1 File: D:/Users/kkldream/Desktop/FPGA/week8/t1/mux4_1.v Line: 1
Warning (12125): Using design file t1.v, which is not specified as a design file for the current project, but contains definitions for 1 design units and 1 entities in project
    Info (12023): Found entity 1: t1 File: D:/Users/kkldream/Desktop/FPGA/week8/t1/t1.v Line: 6
Info (12127): Elaborating entity "t1" for the top level hierarchy
Warning (10230): Verilog HDL assignment warning at t1.v(163): truncated value with size 32 to match size of target (28) File: D:/Users/kkldream/Desktop/FPGA/week8/t1/t1.v Line: 163
Warning (10034): Output port "LEDG" at t1.v(52) has no driver File: D:/Users/kkldream/Desktop/FPGA/week8/t1/t1.v Line: 52
Warning (10034): Output port "LEDR[17..2]" at t1.v(53) has no driver File: D:/Users/kkldream/Desktop/FPGA/week8/t1/t1.v Line: 53
Info (12128): Elaborating entity "clock_all" for hierarchy "clock_all:uc" File: D:/Users/kkldream/Desktop/FPGA/week8/t1/t1.v Line: 99
Info (12128): Elaborating entity "divider_50" for hierarchy "clock_all:uc|divider_50:clk0" File: D:/Users/kkldream/Desktop/FPGA/week8/t1/clock_all.v Line: 44
Warning (10230): Verilog HDL assignment warning at clock_all.v(92): truncated value with size 32 to match size of target (6) File: D:/Users/kkldream/Desktop/FPGA/week8/t1/clock_all.v Line: 92
Info (12128): Elaborating entity "divider_10" for hierarchy "clock_all:uc|divider_10:clk1" File: D:/Users/kkldream/Desktop/FPGA/week8/t1/clock_all.v Line: 45
Warning (10230): Verilog HDL assignment warning at clock_all.v(72): truncated value with size 32 to match size of target (4) File: D:/Users/kkldream/Desktop/FPGA/week8/t1/clock_all.v Line: 72
Info (12128): Elaborating entity "clock_timer" for hierarchy "clock_timer:utimer" File: D:/Users/kkldream/Desktop/FPGA/week8/t1/t1.v Line: 109
Warning (10230): Verilog HDL assignment warning at clock_timer.v(15): truncated value with size 32 to match size of target (4) File: D:/Users/kkldream/Desktop/FPGA/week8/t1/clock_timer.v Line: 15
Warning (10230): Verilog HDL assignment warning at clock_timer.v(16): truncated value with size 32 to match size of target (4) File: D:/Users/kkldream/Desktop/FPGA/week8/t1/clock_timer.v Line: 16
Warning (10230): Verilog HDL assignment warning at clock_timer.v(18): truncated value with size 32 to match size of target (4) File: D:/Users/kkldream/Desktop/FPGA/week8/t1/clock_timer.v Line: 18
Warning (10230): Verilog HDL assignment warning at clock_timer.v(19): truncated value with size 32 to match size of target (4) File: D:/Users/kkldream/Desktop/FPGA/week8/t1/clock_timer.v Line: 19
Warning (10230): Verilog HDL assignment warning at clock_timer.v(21): truncated value with size 32 to match size of target (4) File: D:/Users/kkldream/Desktop/FPGA/week8/t1/clock_timer.v Line: 21
Warning (10230): Verilog HDL assignment warning at clock_timer.v(22): truncated value with size 32 to match size of target (4) File: D:/Users/kkldream/Desktop/FPGA/week8/t1/clock_timer.v Line: 22
Warning (10230): Verilog HDL assignment warning at clock_timer.v(24): truncated value with size 32 to match size of target (4) File: D:/Users/kkldream/Desktop/FPGA/week8/t1/clock_timer.v Line: 24
Warning (10230): Verilog HDL assignment warning at clock_timer.v(25): truncated value with size 32 to match size of target (4) File: D:/Users/kkldream/Desktop/FPGA/week8/t1/clock_timer.v Line: 25
Warning (10230): Verilog HDL assignment warning at clock_timer.v(54): truncated value with size 32 to match size of target (8) File: D:/Users/kkldream/Desktop/FPGA/week8/t1/clock_timer.v Line: 54
Warning (10230): Verilog HDL assignment warning at clock_timer.v(60): truncated value with size 32 to match size of target (8) File: D:/Users/kkldream/Desktop/FPGA/week8/t1/clock_timer.v Line: 60
Warning (10230): Verilog HDL assignment warning at clock_timer.v(64): truncated value with size 32 to match size of target (8) File: D:/Users/kkldream/Desktop/FPGA/week8/t1/clock_timer.v Line: 64
Warning (10230): Verilog HDL assignment warning at clock_timer.v(68): truncated value with size 32 to match size of target (8) File: D:/Users/kkldream/Desktop/FPGA/week8/t1/clock_timer.v Line: 68
Warning (10230): Verilog HDL assignment warning at clock_timer.v(73): truncated value with size 32 to match size of target (8) File: D:/Users/kkldream/Desktop/FPGA/week8/t1/clock_timer.v Line: 73
Info (12128): Elaborating entity "SEG7_LUT_8" for hierarchy "SEG7_LUT_8:useg" File: D:/Users/kkldream/Desktop/FPGA/week8/t1/t1.v Line: 132
Info (12128): Elaborating entity "SEG7_LUT" for hierarchy "SEG7_LUT_8:useg|SEG7_LUT:u0" File: D:/Users/kkldream/Desktop/FPGA/week8/t1/SEG7_LUT_8.v Line: 6
Info (12128): Elaborating entity "mux4_1" for hierarchy "mux4_1:ucount" File: D:/Users/kkldream/Desktop/FPGA/week8/t1/t1.v Line: 137
Warning (10235): Verilog HDL Always Construct warning at mux4_1.v(12): variable "s0" is read inside the Always Construct but isn't in the Always Construct's Event Control File: D:/Users/kkldream/Desktop/FPGA/week8/t1/mux4_1.v Line: 12
Info (12128): Elaborating entity "demux1_4" for hierarchy "demux1_4:udemux" File: D:/Users/kkldream/Desktop/FPGA/week8/t1/t1.v Line: 148
Warning (12241): 17 hierarchies have connectivity warnings - see the Connectivity Checks report folder
Warning (13039): The following bidirectional pins have no drivers
    Warning (13040): bidirectional pin "GPIO[0]" has no driver File: D:/Users/kkldream/Desktop/FPGA/week8/t1/t1.v Line: 72
    Warning (13040): bidirectional pin "GPIO[1]" has no driver File: D:/Users/kkldream/Desktop/FPGA/week8/t1/t1.v Line: 72
    Warning (13040): bidirectional pin "GPIO[2]" has no driver File: D:/Users/kkldream/Desktop/FPGA/week8/t1/t1.v Line: 72
    Warning (13040): bidirectional pin "GPIO[3]" has no driver File: D:/Users/kkldream/Desktop/FPGA/week8/t1/t1.v Line: 72
    Warning (13040): bidirectional pin "GPIO[4]" has no driver File: D:/Users/kkldream/Desktop/FPGA/week8/t1/t1.v Line: 72
    Warning (13040): bidirectional pin "GPIO[5]" has no driver File: D:/Users/kkldream/Desktop/FPGA/week8/t1/t1.v Line: 72
    Warning (13040): bidirectional pin "GPIO[6]" has no driver File: D:/Users/kkldream/Desktop/FPGA/week8/t1/t1.v Line: 72
    Warning (13040): bidirectional pin "GPIO[7]" has no driver File: D:/Users/kkldream/Desktop/FPGA/week8/t1/t1.v Line: 72
    Warning (13040): bidirectional pin "GPIO[8]" has no driver File: D:/Users/kkldream/Desktop/FPGA/week8/t1/t1.v Line: 72
    Warning (13040): bidirectional pin "GPIO[9]" has no driver File: D:/Users/kkldream/Desktop/FPGA/week8/t1/t1.v Line: 72
    Warning (13040): bidirectional pin "GPIO[10]" has no driver File: D:/Users/kkldream/Desktop/FPGA/week8/t1/t1.v Line: 72
    Warning (13040): bidirectional pin "GPIO[11]" has no driver File: D:/Users/kkldream/Desktop/FPGA/week8/t1/t1.v Line: 72
    Warning (13040): bidirectional pin "GPIO[12]" has no driver File: D:/Users/kkldream/Desktop/FPGA/week8/t1/t1.v Line: 72
    Warning (13040): bidirectional pin "GPIO[13]" has no driver File: D:/Users/kkldream/Desktop/FPGA/week8/t1/t1.v Line: 72
    Warning (13040): bidirectional pin "GPIO[14]" has no driver File: D:/Users/kkldream/Desktop/FPGA/week8/t1/t1.v Line: 72
    Warning (13040): bidirectional pin "GPIO[15]" has no driver File: D:/Users/kkldream/Desktop/FPGA/week8/t1/t1.v Line: 72
    Warning (13040): bidirectional pin "GPIO[16]" has no driver File: D:/Users/kkldream/Desktop/FPGA/week8/t1/t1.v Line: 72
    Warning (13040): bidirectional pin "GPIO[17]" has no driver File: D:/Users/kkldream/Desktop/FPGA/week8/t1/t1.v Line: 72
    Warning (13040): bidirectional pin "GPIO[18]" has no driver File: D:/Users/kkldream/Desktop/FPGA/week8/t1/t1.v Line: 72
    Warning (13040): bidirectional pin "GPIO[19]" has no driver File: D:/Users/kkldream/Desktop/FPGA/week8/t1/t1.v Line: 72
    Warning (13040): bidirectional pin "GPIO[20]" has no driver File: D:/Users/kkldream/Desktop/FPGA/week8/t1/t1.v Line: 72
    Warning (13040): bidirectional pin "GPIO[21]" has no driver File: D:/Users/kkldream/Desktop/FPGA/week8/t1/t1.v Line: 72
    Warning (13040): bidirectional pin "GPIO[22]" has no driver File: D:/Users/kkldream/Desktop/FPGA/week8/t1/t1.v Line: 72
    Warning (13040): bidirectional pin "GPIO[23]" has no driver File: D:/Users/kkldream/Desktop/FPGA/week8/t1/t1.v Line: 72
    Warning (13040): bidirectional pin "GPIO[24]" has no driver File: D:/Users/kkldream/Desktop/FPGA/week8/t1/t1.v Line: 72
    Warning (13040): bidirectional pin "GPIO[25]" has no driver File: D:/Users/kkldream/Desktop/FPGA/week8/t1/t1.v Line: 72
    Warning (13040): bidirectional pin "GPIO[26]" has no driver File: D:/Users/kkldream/Desktop/FPGA/week8/t1/t1.v Line: 72
    Warning (13040): bidirectional pin "GPIO[27]" has no driver File: D:/Users/kkldream/Desktop/FPGA/week8/t1/t1.v Line: 72
    Warning (13040): bidirectional pin "GPIO[28]" has no driver File: D:/Users/kkldream/Desktop/FPGA/week8/t1/t1.v Line: 72
    Warning (13040): bidirectional pin "GPIO[29]" has no driver File: D:/Users/kkldream/Desktop/FPGA/week8/t1/t1.v Line: 72
    Warning (13040): bidirectional pin "GPIO[30]" has no driver File: D:/Users/kkldream/Desktop/FPGA/week8/t1/t1.v Line: 72
    Warning (13040): bidirectional pin "GPIO[31]" has no driver File: D:/Users/kkldream/Desktop/FPGA/week8/t1/t1.v Line: 72
    Warning (13040): bidirectional pin "GPIO[32]" has no driver File: D:/Users/kkldream/Desktop/FPGA/week8/t1/t1.v Line: 72
    Warning (13040): bidirectional pin "GPIO[33]" has no driver File: D:/Users/kkldream/Desktop/FPGA/week8/t1/t1.v Line: 72
    Warning (13040): bidirectional pin "GPIO[34]" has no driver File: D:/Users/kkldream/Desktop/FPGA/week8/t1/t1.v Line: 72
    Warning (13040): bidirectional pin "GPIO[35]" has no driver File: D:/Users/kkldream/Desktop/FPGA/week8/t1/t1.v Line: 72
Warning (13024): Output pins are stuck at VCC or GND
    Warning (13410): Pin "LEDG[0]" is stuck at GND File: D:/Users/kkldream/Desktop/FPGA/week8/t1/t1.v Line: 52
    Warning (13410): Pin "LEDG[1]" is stuck at GND File: D:/Users/kkldream/Desktop/FPGA/week8/t1/t1.v Line: 52
    Warning (13410): Pin "LEDG[2]" is stuck at GND File: D:/Users/kkldream/Desktop/FPGA/week8/t1/t1.v Line: 52
    Warning (13410): Pin "LEDG[3]" is stuck at GND File: D:/Users/kkldream/Desktop/FPGA/week8/t1/t1.v Line: 52
    Warning (13410): Pin "LEDG[4]" is stuck at GND File: D:/Users/kkldream/Desktop/FPGA/week8/t1/t1.v Line: 52
    Warning (13410): Pin "LEDG[5]" is stuck at GND File: D:/Users/kkldream/Desktop/FPGA/week8/t1/t1.v Line: 52
    Warning (13410): Pin "LEDG[6]" is stuck at GND File: D:/Users/kkldream/Desktop/FPGA/week8/t1/t1.v Line: 52
    Warning (13410): Pin "LEDG[7]" is stuck at GND File: D:/Users/kkldream/Desktop/FPGA/week8/t1/t1.v Line: 52
    Warning (13410): Pin "LEDG[8]" is stuck at GND File: D:/Users/kkldream/Desktop/FPGA/week8/t1/t1.v Line: 52
    Warning (13410): Pin "LEDR[2]" is stuck at GND File: D:/Users/kkldream/Desktop/FPGA/week8/t1/t1.v Line: 53
    Warning (13410): Pin "LEDR[3]" is stuck at GND File: D:/Users/kkldream/Desktop/FPGA/week8/t1/t1.v Line: 53
    Warning (13410): Pin "LEDR[4]" is stuck at GND File: D:/Users/kkldream/Desktop/FPGA/week8/t1/t1.v Line: 53
    Warning (13410): Pin "LEDR[5]" is stuck at GND File: D:/Users/kkldream/Desktop/FPGA/week8/t1/t1.v Line: 53
    Warning (13410): Pin "LEDR[6]" is stuck at GND File: D:/Users/kkldream/Desktop/FPGA/week8/t1/t1.v Line: 53
    Warning (13410): Pin "LEDR[7]" is stuck at GND File: D:/Users/kkldream/Desktop/FPGA/week8/t1/t1.v Line: 53
    Warning (13410): Pin "LEDR[8]" is stuck at GND File: D:/Users/kkldream/Desktop/FPGA/week8/t1/t1.v Line: 53
    Warning (13410): Pin "LEDR[9]" is stuck at GND File: D:/Users/kkldream/Desktop/FPGA/week8/t1/t1.v Line: 53
    Warning (13410): Pin "LEDR[10]" is stuck at GND File: D:/Users/kkldream/Desktop/FPGA/week8/t1/t1.v Line: 53
    Warning (13410): Pin "LEDR[11]" is stuck at GND File: D:/Users/kkldream/Desktop/FPGA/week8/t1/t1.v Line: 53
    Warning (13410): Pin "LEDR[12]" is stuck at GND File: D:/Users/kkldream/Desktop/FPGA/week8/t1/t1.v Line: 53
    Warning (13410): Pin "LEDR[13]" is stuck at GND File: D:/Users/kkldream/Desktop/FPGA/week8/t1/t1.v Line: 53
    Warning (13410): Pin "LEDR[14]" is stuck at GND File: D:/Users/kkldream/Desktop/FPGA/week8/t1/t1.v Line: 53
    Warning (13410): Pin "LEDR[15]" is stuck at GND File: D:/Users/kkldream/Desktop/FPGA/week8/t1/t1.v Line: 53
    Warning (13410): Pin "LEDR[16]" is stuck at GND File: D:/Users/kkldream/Desktop/FPGA/week8/t1/t1.v Line: 53
    Warning (13410): Pin "LEDR[17]" is stuck at GND File: D:/Users/kkldream/Desktop/FPGA/week8/t1/t1.v Line: 53
Info (286030): Timing-Driven Synthesis is running
Info (16010): Generating hard_block partition "hard_block:auto_generated_inst"
    Info (16011): Adding 0 node(s), including 0 DDIO, 0 PLL, 0 transceiver and 0 LCELL
Warning (21074): Design contains 22 input pin(s) that do not drive logic
    Warning (15610): No output dependent on input pin "CLOCK2_50" File: D:/Users/kkldream/Desktop/FPGA/week8/t1/t1.v Line: 48
    Warning (15610): No output dependent on input pin "CLOCK3_50" File: D:/Users/kkldream/Desktop/FPGA/week8/t1/t1.v Line: 49
    Warning (15610): No output dependent on input pin "KEY[0]" File: D:/Users/kkldream/Desktop/FPGA/week8/t1/t1.v Line: 56
    Warning (15610): No output dependent on input pin "KEY[1]" File: D:/Users/kkldream/Desktop/FPGA/week8/t1/t1.v Line: 56
    Warning (15610): No output dependent on input pin "KEY[2]" File: D:/Users/kkldream/Desktop/FPGA/week8/t1/t1.v Line: 56
    Warning (15610): No output dependent on input pin "KEY[3]" File: D:/Users/kkldream/Desktop/FPGA/week8/t1/t1.v Line: 56
    Warning (15610): No output dependent on input pin "SW[2]" File: D:/Users/kkldream/Desktop/FPGA/week8/t1/t1.v Line: 59
    Warning (15610): No output dependent on input pin "SW[3]" File: D:/Users/kkldream/Desktop/FPGA/week8/t1/t1.v Line: 59
    Warning (15610): No output dependent on input pin "SW[4]" File: D:/Users/kkldream/Desktop/FPGA/week8/t1/t1.v Line: 59
    Warning (15610): No output dependent on input pin "SW[5]" File: D:/Users/kkldream/Desktop/FPGA/week8/t1/t1.v Line: 59
    Warning (15610): No output dependent on input pin "SW[6]" File: D:/Users/kkldream/Desktop/FPGA/week8/t1/t1.v Line: 59
    Warning (15610): No output dependent on input pin "SW[7]" File: D:/Users/kkldream/Desktop/FPGA/week8/t1/t1.v Line: 59
    Warning (15610): No output dependent on input pin "SW[8]" File: D:/Users/kkldream/Desktop/FPGA/week8/t1/t1.v Line: 59
    Warning (15610): No output dependent on input pin "SW[9]" File: D:/Users/kkldream/Desktop/FPGA/week8/t1/t1.v Line: 59
    Warning (15610): No output dependent on input pin "SW[10]" File: D:/Users/kkldream/Desktop/FPGA/week8/t1/t1.v Line: 59
    Warning (15610): No output dependent on input pin "SW[11]" File: D:/Users/kkldream/Desktop/FPGA/week8/t1/t1.v Line: 59
    Warning (15610): No output dependent on input pin "SW[12]" File: D:/Users/kkldream/Desktop/FPGA/week8/t1/t1.v Line: 59
    Warning (15610): No output dependent on input pin "SW[13]" File: D:/Users/kkldream/Desktop/FPGA/week8/t1/t1.v Line: 59
    Warning (15610): No output dependent on input pin "SW[14]" File: D:/Users/kkldream/Desktop/FPGA/week8/t1/t1.v Line: 59
    Warning (15610): No output dependent on input pin "SW[15]" File: D:/Users/kkldream/Desktop/FPGA/week8/t1/t1.v Line: 59
    Warning (15610): No output dependent on input pin "SW[16]" File: D:/Users/kkldream/Desktop/FPGA/week8/t1/t1.v Line: 59
    Warning (15610): No output dependent on input pin "SW[17]" File: D:/Users/kkldream/Desktop/FPGA/week8/t1/t1.v Line: 59
Info (21057): Implemented 276 device resources after synthesis - the final resource count might be different
    Info (21058): Implemented 25 input pins
    Info (21059): Implemented 83 output pins
    Info (21060): Implemented 36 bidirectional pins
    Info (21061): Implemented 132 logic cells
Info: Quartus Prime Analysis & Synthesis was successful. 0 errors, 108 warnings
    Info: Peak virtual memory: 4766 megabytes
    Info: Processing ended: Fri Apr 16 10:34:24 2021
    Info: Elapsed time: 00:00:12
    Info: Total CPU time (on all processors): 00:00:25


